;  LST file generated by mikroListExporter - v.2.0 
; Date/Time: 1/25/2023 2:25:59 AM
;----------------------------------------------

;Address Opcode 	ASM
0x0000	0x2B68      	GOTO       872
_Delay_1us:
;__Lib_Delays.c,7 :: 		void Delay_1us() {
;__Lib_Delays.c,8 :: 		Delay_us(1);
0x0003	0x0000      	NOP
0x0004	0x0000      	NOP
;__Lib_Delays.c,9 :: 		}
L_end_Delay_1us:
0x0005	0x0008      	RETURN
; end of _Delay_1us
_Delay_5500us:
;__Lib_Delays.c,31 :: 		void Delay_5500us() {
;__Lib_Delays.c,32 :: 		Delay_us(5500);
0x0006	0x300F      	MOVLW      15
0x0007	0x1283      	BCF        STATUS, 5
0x0008	0x1303      	BCF        STATUS, 6
0x0009	0x00FC      	MOVWF      R12
0x000A	0x3047      	MOVLW      71
0x000B	0x00FD      	MOVWF      R13
L_Delay_5500us5:
0x000C	0x0BFD      	DECFSZ     R13, 1
0x000D	0x280C      	GOTO       L_Delay_5500us5
0x000E	0x0BFC      	DECFSZ     R12, 1
0x000F	0x280C      	GOTO       L_Delay_5500us5
0x0010	0x0000      	NOP
0x0011	0x0000      	NOP
;__Lib_Delays.c,33 :: 		}
L_end_Delay_5500us:
0x0012	0x0008      	RETURN
; end of _Delay_5500us
_Delay_50us:
;__Lib_Delays.c,19 :: 		void Delay_50us() {
;__Lib_Delays.c,20 :: 		Delay_us(50);
0x0013	0x3021      	MOVLW      33
0x0014	0x1283      	BCF        STATUS, 5
0x0015	0x1303      	BCF        STATUS, 6
0x0016	0x00FD      	MOVWF      R13
L_Delay_50us2:
0x0017	0x0BFD      	DECFSZ     R13, 1
0x0018	0x2817      	GOTO       L_Delay_50us2
;__Lib_Delays.c,21 :: 		}
L_end_Delay_50us:
0x0019	0x0008      	RETURN
; end of _Delay_50us
_Lcd_Cmd:
;__Lib_Lcd.c,18 :: 		
;__Lib_Lcd.c,20 :: 		
0x001A	0x1283      	BCF        STATUS, 5
0x001B	0x1303      	BCF        STATUS, 6
0x001C	0x1BC8      	BTFSC      FARG_Lcd_Cmd_out_char, 7
0x001D	0x2820      	GOTO       L__Lcd_Cmd21
0x001E	0x1188      	BCF        LCD_D7, BitPos(LCD_D7+0)
0x001F	0x2821      	GOTO       L__Lcd_Cmd22
L__Lcd_Cmd21:
0x0020	0x1588      	BSF        LCD_D7, BitPos(LCD_D7+0)
L__Lcd_Cmd22:
;__Lib_Lcd.c,21 :: 		
0x0021	0x1B48      	BTFSC      FARG_Lcd_Cmd_out_char, 6
0x0022	0x2825      	GOTO       L__Lcd_Cmd23
0x0023	0x1108      	BCF        LCD_D6, BitPos(LCD_D6+0)
0x0024	0x2826      	GOTO       L__Lcd_Cmd24
L__Lcd_Cmd23:
0x0025	0x1508      	BSF        LCD_D6, BitPos(LCD_D6+0)
L__Lcd_Cmd24:
;__Lib_Lcd.c,22 :: 		
0x0026	0x1AC8      	BTFSC      FARG_Lcd_Cmd_out_char, 5
0x0027	0x282A      	GOTO       L__Lcd_Cmd25
0x0028	0x1088      	BCF        LCD_D5, BitPos(LCD_D5+0)
0x0029	0x282B      	GOTO       L__Lcd_Cmd26
L__Lcd_Cmd25:
0x002A	0x1488      	BSF        LCD_D5, BitPos(LCD_D5+0)
L__Lcd_Cmd26:
;__Lib_Lcd.c,23 :: 		
0x002B	0x1A48      	BTFSC      FARG_Lcd_Cmd_out_char, 4
0x002C	0x282F      	GOTO       L__Lcd_Cmd27
0x002D	0x1008      	BCF        LCD_D4, BitPos(LCD_D4+0)
0x002E	0x2830      	GOTO       L__Lcd_Cmd28
L__Lcd_Cmd27:
0x002F	0x1408      	BSF        LCD_D4, BitPos(LCD_D4+0)
L__Lcd_Cmd28:
;__Lib_Lcd.c,25 :: 		
0x0030	0x1840      	BTFSC      __Lib_Lcd_cmd_status, BitPos(__Lib_Lcd_cmd_status+0)
0x0031	0x2834      	GOTO       L__Lcd_Cmd29
0x0032	0x1608      	BSF        LCD_RS, BitPos(LCD_RS+0)
0x0033	0x2835      	GOTO       L__Lcd_Cmd30
L__Lcd_Cmd29:
0x0034	0x1208      	BCF        LCD_RS, BitPos(LCD_RS+0)
L__Lcd_Cmd30:
;__Lib_Lcd.c,28 :: 		
0x0035	0x1688      	BSF        LCD_EN, BitPos(LCD_EN+0)
;__Lib_Lcd.c,29 :: 		
0x0036	0x2003      	CALL       _Delay_1us
;__Lib_Lcd.c,30 :: 		
0x0037	0x1288      	BCF        LCD_EN, BitPos(LCD_EN+0)
;__Lib_Lcd.c,33 :: 		
0x0038	0x19C8      	BTFSC      FARG_Lcd_Cmd_out_char, 3
0x0039	0x283C      	GOTO       L__Lcd_Cmd31
0x003A	0x1188      	BCF        LCD_D7, BitPos(LCD_D7+0)
0x003B	0x283D      	GOTO       L__Lcd_Cmd32
L__Lcd_Cmd31:
0x003C	0x1588      	BSF        LCD_D7, BitPos(LCD_D7+0)
L__Lcd_Cmd32:
;__Lib_Lcd.c,34 :: 		
0x003D	0x1948      	BTFSC      FARG_Lcd_Cmd_out_char, 2
0x003E	0x2841      	GOTO       L__Lcd_Cmd33
0x003F	0x1108      	BCF        LCD_D6, BitPos(LCD_D6+0)
0x0040	0x2842      	GOTO       L__Lcd_Cmd34
L__Lcd_Cmd33:
0x0041	0x1508      	BSF        LCD_D6, BitPos(LCD_D6+0)
L__Lcd_Cmd34:
;__Lib_Lcd.c,35 :: 		
0x0042	0x18C8      	BTFSC      FARG_Lcd_Cmd_out_char, 1
0x0043	0x2846      	GOTO       L__Lcd_Cmd35
0x0044	0x1088      	BCF        LCD_D5, BitPos(LCD_D5+0)
0x0045	0x2847      	GOTO       L__Lcd_Cmd36
L__Lcd_Cmd35:
0x0046	0x1488      	BSF        LCD_D5, BitPos(LCD_D5+0)
L__Lcd_Cmd36:
;__Lib_Lcd.c,36 :: 		
0x0047	0x1848      	BTFSC      FARG_Lcd_Cmd_out_char, 0
0x0048	0x284B      	GOTO       L__Lcd_Cmd37
0x0049	0x1008      	BCF        LCD_D4, BitPos(LCD_D4+0)
0x004A	0x284C      	GOTO       L__Lcd_Cmd38
L__Lcd_Cmd37:
0x004B	0x1408      	BSF        LCD_D4, BitPos(LCD_D4+0)
L__Lcd_Cmd38:
;__Lib_Lcd.c,38 :: 		
0x004C	0x1840      	BTFSC      __Lib_Lcd_cmd_status, BitPos(__Lib_Lcd_cmd_status+0)
0x004D	0x2850      	GOTO       L__Lcd_Cmd39
0x004E	0x1608      	BSF        LCD_RS, BitPos(LCD_RS+0)
0x004F	0x2851      	GOTO       L__Lcd_Cmd40
L__Lcd_Cmd39:
0x0050	0x1208      	BCF        LCD_RS, BitPos(LCD_RS+0)
L__Lcd_Cmd40:
;__Lib_Lcd.c,40 :: 		
0x0051	0x1688      	BSF        LCD_EN, BitPos(LCD_EN+0)
;__Lib_Lcd.c,41 :: 		
0x0052	0x2003      	CALL       _Delay_1us
;__Lib_Lcd.c,42 :: 		
0x0053	0x1288      	BCF        LCD_EN, BitPos(LCD_EN+0)
;__Lib_Lcd.c,44 :: 		
0x0054	0x1C40      	BTFSS      __Lib_Lcd_cmd_status, BitPos(__Lib_Lcd_cmd_status+0)
0x0055	0x2858      	GOTO       L_Lcd_Cmd0
;__Lib_Lcd.c,45 :: 		
0x0056	0x2006      	CALL       _Delay_5500us
0x0057	0x2859      	GOTO       L_Lcd_Cmd1
L_Lcd_Cmd0:
;__Lib_Lcd.c,47 :: 		
0x0058	0x2013      	CALL       _Delay_50us
L_Lcd_Cmd1:
;__Lib_Lcd.c,48 :: 		
L_end_Lcd_Cmd:
0x0059	0x0008      	RETURN
; end of _Lcd_Cmd
_____DoICP:
;__Lib_System.c,6 :: 		
;__Lib_System.c,9 :: 		
0x005A	0x1283      	BCF        STATUS, 5
0x005B	0x1303      	BCF        STATUS, 6
0x005C	0x083B      	MOVF       ___DoICPAddr+1, 0
0x005D	0x008A      	MOVWF      PCLATH
;__Lib_System.c,10 :: 		
0x005E	0x083A      	MOVF       ___DoICPAddr, 0
0x005F	0x0082      	MOVWF      PCL
;__Lib_System.c,12 :: 		
L_end_____DoICP:
0x0060	0x0008      	RETURN
; end of _____DoICP
_Div_32x32_U:
;__Lib_Math.c,1318 :: 		
;__Lib_Math.c,1327 :: 		
;__Lib_Math.c,1329 :: 		
0x0061	0x1283      	BCF        STATUS, 5
;__Lib_Math.c,1330 :: 		
0x0062	0x1303      	BCF        STATUS, 6
;__Lib_Math.c,1331 :: 		
0x0063	0x01FB      	CLRF       R11
;__Lib_Math.c,1332 :: 		
0x0064	0x01FA      	CLRF       R10
;__Lib_Math.c,1333 :: 		
0x0065	0x01F9      	CLRF       R9
;__Lib_Math.c,1334 :: 		
0x0066	0x01F8      	CLRF       R8
;__Lib_Math.c,1336 :: 		
0x0067	0x01A0      	CLRF       ___math_tempb
;__Lib_Math.c,1338 :: 		
0x0068	0x0D73      	RLF        R3, 0
;__Lib_Math.c,1339 :: 		
0x0069	0x0DF8      	RLF        R8, 1
;__Lib_Math.c,1340 :: 		
0x006A	0x0874      	MOVF       R4, 0
;__Lib_Math.c,1341 :: 		
0x006B	0x02F8      	SUBWF      R8, 1
;__Lib_Math.c,1342 :: 		
0x006C	0x0875      	MOVF       R5, 0
;__Lib_Math.c,1343 :: 		
0x006D	0x1C03      	BTFSS      STATUS, 0
;__Lib_Math.c,1344 :: 		
0x006E	0x0F75      	INCFSZ     R5, 0
;__Lib_Math.c,1345 :: 		
0x006F	0x02F9      	SUBWF      R9, 1
;__Lib_Math.c,1346 :: 		
0x0070	0x0876      	MOVF       R6, 0
;__Lib_Math.c,1347 :: 		
0x0071	0x1C03      	BTFSS      STATUS, 0
;__Lib_Math.c,1348 :: 		
0x0072	0x0F76      	INCFSZ     R6, 0
;__Lib_Math.c,1349 :: 		
0x0073	0x02FA      	SUBWF      R10, 1
;__Lib_Math.c,1350 :: 		
0x0074	0x0877      	MOVF       R7, 0
;__Lib_Math.c,1351 :: 		
0x0075	0x1C03      	BTFSS      STATUS, 0
;__Lib_Math.c,1352 :: 		
0x0076	0x0F77      	INCFSZ     R7, 0
;__Lib_Math.c,1353 :: 		
0x0077	0x02FB      	SUBWF      R11, 1
;__Lib_Math.c,1355 :: 		
0x0078	0x0100      	CLRW
;__Lib_Math.c,1356 :: 		
0x0079	0x1C03      	BTFSS      STATUS, 0
;__Lib_Math.c,1357 :: 		
0x007A	0x3001      	MOVLW      1
;__Lib_Math.c,1358 :: 		
0x007B	0x02A0      	SUBWF      ___math_tempb, 1
;__Lib_Math.c,1359 :: 		
0x007C	0x0DF3      	RLF        R3, 1
;__Lib_Math.c,1361 :: 		
0x007D	0x3007      	MOVLW      7
;__Lib_Math.c,1362 :: 		
0x007E	0x00FC      	MOVWF      R12
;__Lib_Math.c,1364 :: 		
LOOPU3232A:
;__Lib_Math.c,1365 :: 		
0x007F	0x0D73      	RLF        R3, 0
;__Lib_Math.c,1366 :: 		
0x0080	0x0DF8      	RLF        R8, 1
;__Lib_Math.c,1367 :: 		
0x0081	0x0DF9      	RLF        R9, 1
;__Lib_Math.c,1368 :: 		
0x0082	0x0DFA      	RLF        R10, 1
;__Lib_Math.c,1369 :: 		
0x0083	0x0DFB      	RLF        R11, 1
;__Lib_Math.c,1370 :: 		
0x0084	0x0DA0      	RLF        ___math_tempb, 1
;__Lib_Math.c,1371 :: 		
0x0085	0x0874      	MOVF       R4, 0
;__Lib_Math.c,1372 :: 		
0x0086	0x1C73      	BTFSS      R3, 0
;__Lib_Math.c,1373 :: 		
0x0087	0x289A      	GOTO       UADD22LA
;__Lib_Math.c,1375 :: 		
0x0088	0x02F8      	SUBWF      R8, 1
;__Lib_Math.c,1376 :: 		
0x0089	0x0875      	MOVF       R5, 0
;__Lib_Math.c,1377 :: 		
0x008A	0x1C03      	BTFSS      STATUS, 0
;__Lib_Math.c,1378 :: 		
0x008B	0x0F75      	INCFSZ     R5, 0
;__Lib_Math.c,1379 :: 		
0x008C	0x02F9      	SUBWF      R9, 1
;__Lib_Math.c,1380 :: 		
0x008D	0x0876      	MOVF       R6, 0
;__Lib_Math.c,1381 :: 		
0x008E	0x1C03      	BTFSS      STATUS, 0
;__Lib_Math.c,1382 :: 		
0x008F	0x0F76      	INCFSZ     R6, 0
;__Lib_Math.c,1383 :: 		
0x0090	0x02FA      	SUBWF      R10, 1
;__Lib_Math.c,1384 :: 		
0x0091	0x0877      	MOVF       R7, 0
;__Lib_Math.c,1385 :: 		
0x0092	0x1C03      	BTFSS      STATUS, 0
;__Lib_Math.c,1386 :: 		
0x0093	0x0F77      	INCFSZ     R7, 0
;__Lib_Math.c,1387 :: 		
0x0094	0x02FB      	SUBWF      R11, 1
;__Lib_Math.c,1388 :: 		
0x0095	0x0100      	CLRW
;__Lib_Math.c,1389 :: 		
0x0096	0x1C03      	BTFSS      STATUS, 0
;__Lib_Math.c,1390 :: 		
0x0097	0x3001      	MOVLW      1
;__Lib_Math.c,1391 :: 		
0x0098	0x02A0      	SUBWF      ___math_tempb, 1
;__Lib_Math.c,1392 :: 		
0x0099	0x28AB      	GOTO       UOK22LA
;__Lib_Math.c,1394 :: 		
UADD22LA:
;__Lib_Math.c,1395 :: 		
0x009A	0x07F8      	ADDWF      R8, 1
;__Lib_Math.c,1396 :: 		
0x009B	0x0875      	MOVF       R5, 0
;__Lib_Math.c,1397 :: 		
0x009C	0x1803      	BTFSC      STATUS, 0
;__Lib_Math.c,1398 :: 		
0x009D	0x0F75      	INCFSZ     R5, 0
;__Lib_Math.c,1399 :: 		
0x009E	0x07F9      	ADDWF      R9, 1
;__Lib_Math.c,1400 :: 		
0x009F	0x0876      	MOVF       R6, 0
;__Lib_Math.c,1401 :: 		
0x00A0	0x1803      	BTFSC      STATUS, 0
;__Lib_Math.c,1402 :: 		
0x00A1	0x0F76      	INCFSZ     R6, 0
;__Lib_Math.c,1403 :: 		
0x00A2	0x07FA      	ADDWF      R10, 1
;__Lib_Math.c,1404 :: 		
0x00A3	0x0877      	MOVF       R7, 0
;__Lib_Math.c,1405 :: 		
0x00A4	0x1803      	BTFSC      STATUS, 0
;__Lib_Math.c,1406 :: 		
0x00A5	0x0F77      	INCFSZ     R7, 0
;__Lib_Math.c,1407 :: 		
0x00A6	0x07FB      	ADDWF      R11, 1
;__Lib_Math.c,1408 :: 		
0x00A7	0x0100      	CLRW
;__Lib_Math.c,1409 :: 		
0x00A8	0x1803      	BTFSC      STATUS, 0
;__Lib_Math.c,1410 :: 		
0x00A9	0x3001      	MOVLW      1
;__Lib_Math.c,1411 :: 		
0x00AA	0x07A0      	ADDWF      ___math_tempb, 1
;__Lib_Math.c,1413 :: 		
UOK22LA:
;__Lib_Math.c,1414 :: 		
0x00AB	0x0DF3      	RLF        R3, 1
;__Lib_Math.c,1416 :: 		
0x00AC	0x0BFC      	DECFSZ     R12, 1
;__Lib_Math.c,1417 :: 		
0x00AD	0x287F      	GOTO       LOOPU3232A
;__Lib_Math.c,1419 :: 		
0x00AE	0x0D72      	RLF        R2, 0
;__Lib_Math.c,1420 :: 		
0x00AF	0x0DF8      	RLF        R8, 1
;__Lib_Math.c,1421 :: 		
0x00B0	0x0DF9      	RLF        R9, 1
;__Lib_Math.c,1422 :: 		
0x00B1	0x0DFA      	RLF        R10, 1
;__Lib_Math.c,1423 :: 		
0x00B2	0x0DFB      	RLF        R11, 1
;__Lib_Math.c,1424 :: 		
0x00B3	0x0DA0      	RLF        ___math_tempb, 1
;__Lib_Math.c,1425 :: 		
0x00B4	0x0874      	MOVF       R4, 0
;__Lib_Math.c,1426 :: 		
0x00B5	0x1C73      	BTFSS      R3, 0
;__Lib_Math.c,1427 :: 		
0x00B6	0x28C9      	GOTO       UADD22L8
;__Lib_Math.c,1429 :: 		
0x00B7	0x02F8      	SUBWF      R8, 1
;__Lib_Math.c,1430 :: 		
0x00B8	0x0875      	MOVF       R5, 0
;__Lib_Math.c,1431 :: 		
0x00B9	0x1C03      	BTFSS      STATUS, 0
;__Lib_Math.c,1432 :: 		
0x00BA	0x0F75      	INCFSZ     R5, 0
;__Lib_Math.c,1433 :: 		
0x00BB	0x02F9      	SUBWF      R9, 1
;__Lib_Math.c,1434 :: 		
0x00BC	0x0876      	MOVF       R6, 0
;__Lib_Math.c,1435 :: 		
0x00BD	0x1C03      	BTFSS      STATUS, 0
;__Lib_Math.c,1436 :: 		
0x00BE	0x0F76      	INCFSZ     R6, 0
;__Lib_Math.c,1437 :: 		
0x00BF	0x02FA      	SUBWF      R10, 1
;__Lib_Math.c,1438 :: 		
0x00C0	0x0877      	MOVF       R7, 0
;__Lib_Math.c,1439 :: 		
0x00C1	0x1C03      	BTFSS      STATUS, 0
;__Lib_Math.c,1440 :: 		
0x00C2	0x0F77      	INCFSZ     R7, 0
;__Lib_Math.c,1441 :: 		
0x00C3	0x02FB      	SUBWF      R11, 1
;__Lib_Math.c,1442 :: 		
0x00C4	0x0100      	CLRW
;__Lib_Math.c,1443 :: 		
0x00C5	0x1C03      	BTFSS      STATUS, 0
;__Lib_Math.c,1444 :: 		
0x00C6	0x3001      	MOVLW      1
;__Lib_Math.c,1445 :: 		
0x00C7	0x02A0      	SUBWF      ___math_tempb, 1
;__Lib_Math.c,1446 :: 		
0x00C8	0x28DA      	GOTO       UOK22L8
;__Lib_Math.c,1448 :: 		
UADD22L8:
;__Lib_Math.c,1449 :: 		
0x00C9	0x07F8      	ADDWF      R8, 1
;__Lib_Math.c,1450 :: 		
0x00CA	0x0875      	MOVF       R5, 0
;__Lib_Math.c,1451 :: 		
0x00CB	0x1803      	BTFSC      STATUS, 0
;__Lib_Math.c,1452 :: 		
0x00CC	0x0F75      	INCFSZ     R5, 0
;__Lib_Math.c,1453 :: 		
0x00CD	0x07F9      	ADDWF      R9, 1
;__Lib_Math.c,1454 :: 		
0x00CE	0x0876      	MOVF       R6, 0
;__Lib_Math.c,1455 :: 		
0x00CF	0x1803      	BTFSC      STATUS, 0
;__Lib_Math.c,1456 :: 		
0x00D0	0x0F76      	INCFSZ     R6, 0
;__Lib_Math.c,1457 :: 		
0x00D1	0x07FA      	ADDWF      R10, 1
;__Lib_Math.c,1458 :: 		
0x00D2	0x0877      	MOVF       R7, 0
;__Lib_Math.c,1459 :: 		
0x00D3	0x1803      	BTFSC      STATUS, 0
;__Lib_Math.c,1460 :: 		
0x00D4	0x0F77      	INCFSZ     R7, 0
;__Lib_Math.c,1461 :: 		
0x00D5	0x07FB      	ADDWF      R11, 1
;__Lib_Math.c,1462 :: 		
0x00D6	0x0100      	CLRW
;__Lib_Math.c,1463 :: 		
0x00D7	0x1803      	BTFSC      STATUS, 0
;__Lib_Math.c,1464 :: 		
0x00D8	0x3001      	MOVLW      1
;__Lib_Math.c,1465 :: 		
0x00D9	0x07A0      	ADDWF      ___math_tempb, 1
;__Lib_Math.c,1467 :: 		
UOK22L8:
;__Lib_Math.c,1468 :: 		
0x00DA	0x0DF2      	RLF        R2, 1
;__Lib_Math.c,1470 :: 		
0x00DB	0x3007      	MOVLW      7
;__Lib_Math.c,1471 :: 		
0x00DC	0x00FC      	MOVWF      R12
;__Lib_Math.c,1473 :: 		
LOOPU3232B:
;__Lib_Math.c,1474 :: 		
0x00DD	0x0D72      	RLF        R2, 0
;__Lib_Math.c,1475 :: 		
0x00DE	0x0DF8      	RLF        R8, 1
;__Lib_Math.c,1476 :: 		
0x00DF	0x0DF9      	RLF        R9, 1
;__Lib_Math.c,1477 :: 		
0x00E0	0x0DFA      	RLF        R10, 1
;__Lib_Math.c,1478 :: 		
0x00E1	0x0DFB      	RLF        R11, 1
;__Lib_Math.c,1479 :: 		
0x00E2	0x0DA0      	RLF        ___math_tempb, 1
;__Lib_Math.c,1480 :: 		
0x00E3	0x0874      	MOVF       R4, 0
;__Lib_Math.c,1481 :: 		
0x00E4	0x1C72      	BTFSS      R2, 0
;__Lib_Math.c,1482 :: 		
0x00E5	0x28F8      	GOTO       UADD22LB
;__Lib_Math.c,1484 :: 		
0x00E6	0x02F8      	SUBWF      R8, 1
;__Lib_Math.c,1485 :: 		
0x00E7	0x0875      	MOVF       R5, 0
;__Lib_Math.c,1486 :: 		
0x00E8	0x1C03      	BTFSS      STATUS, 0
;__Lib_Math.c,1487 :: 		
0x00E9	0x0F75      	INCFSZ     R5, 0
;__Lib_Math.c,1488 :: 		
0x00EA	0x02F9      	SUBWF      R9, 1
;__Lib_Math.c,1489 :: 		
0x00EB	0x0876      	MOVF       R6, 0
;__Lib_Math.c,1490 :: 		
0x00EC	0x1C03      	BTFSS      STATUS, 0
;__Lib_Math.c,1491 :: 		
0x00ED	0x0F76      	INCFSZ     R6, 0
;__Lib_Math.c,1492 :: 		
0x00EE	0x02FA      	SUBWF      R10, 1
;__Lib_Math.c,1493 :: 		
0x00EF	0x0877      	MOVF       R7, 0
;__Lib_Math.c,1494 :: 		
0x00F0	0x1C03      	BTFSS      STATUS, 0
;__Lib_Math.c,1495 :: 		
0x00F1	0x0F77      	INCFSZ     R7, 0
;__Lib_Math.c,1496 :: 		
0x00F2	0x02FB      	SUBWF      R11, 1
;__Lib_Math.c,1497 :: 		
0x00F3	0x0100      	CLRW
;__Lib_Math.c,1498 :: 		
0x00F4	0x1C03      	BTFSS      STATUS, 0
;__Lib_Math.c,1499 :: 		
0x00F5	0x3001      	MOVLW      1
;__Lib_Math.c,1500 :: 		
0x00F6	0x02A0      	SUBWF      ___math_tempb, 1
;__Lib_Math.c,1501 :: 		
0x00F7	0x2909      	GOTO       UOK22LB
;__Lib_Math.c,1503 :: 		
UADD22LB:
;__Lib_Math.c,1504 :: 		
0x00F8	0x07F8      	ADDWF      R8, 1
;__Lib_Math.c,1505 :: 		
0x00F9	0x0875      	MOVF       R5, 0
;__Lib_Math.c,1506 :: 		
0x00FA	0x1803      	BTFSC      STATUS, 0
;__Lib_Math.c,1507 :: 		
0x00FB	0x0F75      	INCFSZ     R5, 0
;__Lib_Math.c,1508 :: 		
0x00FC	0x07F9      	ADDWF      R9, 1
;__Lib_Math.c,1509 :: 		
0x00FD	0x0876      	MOVF       R6, 0
;__Lib_Math.c,1510 :: 		
0x00FE	0x1803      	BTFSC      STATUS, 0
;__Lib_Math.c,1511 :: 		
0x00FF	0x0F76      	INCFSZ     R6, 0
;__Lib_Math.c,1512 :: 		
0x0100	0x07FA      	ADDWF      R10, 1
;__Lib_Math.c,1513 :: 		
0x0101	0x0877      	MOVF       R7, 0
;__Lib_Math.c,1514 :: 		
0x0102	0x1803      	BTFSC      STATUS, 0
;__Lib_Math.c,1515 :: 		
0x0103	0x0F77      	INCFSZ     R7, 0
;__Lib_Math.c,1516 :: 		
0x0104	0x07FB      	ADDWF      R11, 1
;__Lib_Math.c,1517 :: 		
0x0105	0x0100      	CLRW
;__Lib_Math.c,1518 :: 		
0x0106	0x1803      	BTFSC      STATUS, 0
;__Lib_Math.c,1519 :: 		
0x0107	0x3001      	MOVLW      1
;__Lib_Math.c,1520 :: 		
0x0108	0x07A0      	ADDWF      ___math_tempb, 1
;__Lib_Math.c,1522 :: 		
UOK22LB:
;__Lib_Math.c,1523 :: 		
0x0109	0x0DF2      	RLF        R2, 1
;__Lib_Math.c,1525 :: 		
0x010A	0x0BFC      	DECFSZ     R12, 1
;__Lib_Math.c,1526 :: 		
0x010B	0x28DD      	GOTO       LOOPU3232B
;__Lib_Math.c,1528 :: 		
0x010C	0x0D71      	RLF        R1, 0
;__Lib_Math.c,1529 :: 		
0x010D	0x0DF8      	RLF        R8, 1
;__Lib_Math.c,1530 :: 		
0x010E	0x0DF9      	RLF        R9, 1
;__Lib_Math.c,1531 :: 		
0x010F	0x0DFA      	RLF        R10, 1
;__Lib_Math.c,1532 :: 		
0x0110	0x0DFB      	RLF        R11, 1
;__Lib_Math.c,1533 :: 		
0x0111	0x0DA0      	RLF        ___math_tempb, 1
;__Lib_Math.c,1534 :: 		
0x0112	0x0874      	MOVF       R4, 0
;__Lib_Math.c,1535 :: 		
0x0113	0x1C72      	BTFSS      R2, 0
;__Lib_Math.c,1536 :: 		
0x0114	0x2927      	GOTO       UADD22L16
;__Lib_Math.c,1538 :: 		
0x0115	0x02F8      	SUBWF      R8, 1
;__Lib_Math.c,1539 :: 		
0x0116	0x0875      	MOVF       R5, 0
;__Lib_Math.c,1540 :: 		
0x0117	0x1C03      	BTFSS      STATUS, 0
;__Lib_Math.c,1541 :: 		
0x0118	0x0F75      	INCFSZ     R5, 0
;__Lib_Math.c,1542 :: 		
0x0119	0x02F9      	SUBWF      R9, 1
;__Lib_Math.c,1543 :: 		
0x011A	0x0876      	MOVF       R6, 0
;__Lib_Math.c,1544 :: 		
0x011B	0x1C03      	BTFSS      STATUS, 0
;__Lib_Math.c,1545 :: 		
0x011C	0x0F76      	INCFSZ     R6, 0
;__Lib_Math.c,1546 :: 		
0x011D	0x02FA      	SUBWF      R10, 1
;__Lib_Math.c,1547 :: 		
0x011E	0x0877      	MOVF       R7, 0
;__Lib_Math.c,1548 :: 		
0x011F	0x1C03      	BTFSS      STATUS, 0
;__Lib_Math.c,1549 :: 		
0x0120	0x0F77      	INCFSZ     R7, 0
;__Lib_Math.c,1550 :: 		
0x0121	0x02FB      	SUBWF      R11, 1
;__Lib_Math.c,1551 :: 		
0x0122	0x0100      	CLRW
;__Lib_Math.c,1552 :: 		
0x0123	0x1C03      	BTFSS      STATUS, 0
;__Lib_Math.c,1553 :: 		
0x0124	0x3001      	MOVLW      1
;__Lib_Math.c,1554 :: 		
0x0125	0x02A0      	SUBWF      ___math_tempb, 1
;__Lib_Math.c,1555 :: 		
0x0126	0x2938      	GOTO       UOK22L16
;__Lib_Math.c,1557 :: 		
UADD22L16:
;__Lib_Math.c,1558 :: 		
0x0127	0x07F8      	ADDWF      R8, 1
;__Lib_Math.c,1559 :: 		
0x0128	0x0875      	MOVF       R5, 0
;__Lib_Math.c,1560 :: 		
0x0129	0x1803      	BTFSC      STATUS, 0
;__Lib_Math.c,1561 :: 		
0x012A	0x0F75      	INCFSZ     R5, 0
;__Lib_Math.c,1562 :: 		
0x012B	0x07F9      	ADDWF      R9, 1
;__Lib_Math.c,1563 :: 		
0x012C	0x0876      	MOVF       R6, 0
;__Lib_Math.c,1564 :: 		
0x012D	0x1803      	BTFSC      STATUS, 0
;__Lib_Math.c,1565 :: 		
0x012E	0x0F76      	INCFSZ     R6, 0
;__Lib_Math.c,1566 :: 		
0x012F	0x07FA      	ADDWF      R10, 1
;__Lib_Math.c,1567 :: 		
0x0130	0x0877      	MOVF       R7, 0
;__Lib_Math.c,1568 :: 		
0x0131	0x1803      	BTFSC      STATUS, 0
;__Lib_Math.c,1569 :: 		
0x0132	0x0F77      	INCFSZ     R7, 0
;__Lib_Math.c,1570 :: 		
0x0133	0x07FB      	ADDWF      R11, 1
;__Lib_Math.c,1571 :: 		
0x0134	0x0100      	CLRW
;__Lib_Math.c,1572 :: 		
0x0135	0x1803      	BTFSC      STATUS, 0
;__Lib_Math.c,1573 :: 		
0x0136	0x3001      	MOVLW      1
;__Lib_Math.c,1574 :: 		
0x0137	0x07A0      	ADDWF      ___math_tempb, 1
;__Lib_Math.c,1576 :: 		
UOK22L16:
;__Lib_Math.c,1577 :: 		
0x0138	0x0DF1      	RLF        R1, 1
;__Lib_Math.c,1579 :: 		
0x0139	0x3007      	MOVLW      7
;__Lib_Math.c,1580 :: 		
0x013A	0x00FC      	MOVWF      R12
;__Lib_Math.c,1582 :: 		
LOOPU3232C:
;__Lib_Math.c,1583 :: 		
0x013B	0x0D71      	RLF        R1, 0
;__Lib_Math.c,1584 :: 		
0x013C	0x0DF8      	RLF        R8, 1
;__Lib_Math.c,1585 :: 		
0x013D	0x0DF9      	RLF        R9, 1
;__Lib_Math.c,1586 :: 		
0x013E	0x0DFA      	RLF        R10, 1
;__Lib_Math.c,1587 :: 		
0x013F	0x0DFB      	RLF        R11, 1
;__Lib_Math.c,1588 :: 		
0x0140	0x0DA0      	RLF        ___math_tempb, 1
;__Lib_Math.c,1589 :: 		
0x0141	0x0874      	MOVF       R4, 0
;__Lib_Math.c,1590 :: 		
0x0142	0x1C71      	BTFSS      R1, 0
;__Lib_Math.c,1591 :: 		
0x0143	0x2956      	GOTO       UADD22LC
;__Lib_Math.c,1593 :: 		
0x0144	0x02F8      	SUBWF      R8, 1
;__Lib_Math.c,1594 :: 		
0x0145	0x0875      	MOVF       R5, 0
;__Lib_Math.c,1595 :: 		
0x0146	0x1C03      	BTFSS      STATUS, 0
;__Lib_Math.c,1596 :: 		
0x0147	0x0F75      	INCFSZ     R5, 0
;__Lib_Math.c,1597 :: 		
0x0148	0x02F9      	SUBWF      R9, 1
;__Lib_Math.c,1598 :: 		
0x0149	0x0876      	MOVF       R6, 0
;__Lib_Math.c,1599 :: 		
0x014A	0x1C03      	BTFSS      STATUS, 0
;__Lib_Math.c,1600 :: 		
0x014B	0x0F76      	INCFSZ     R6, 0
;__Lib_Math.c,1601 :: 		
0x014C	0x02FA      	SUBWF      R10, 1
;__Lib_Math.c,1602 :: 		
0x014D	0x0877      	MOVF       R7, 0
;__Lib_Math.c,1603 :: 		
0x014E	0x1C03      	BTFSS      STATUS, 0
;__Lib_Math.c,1604 :: 		
0x014F	0x0F77      	INCFSZ     R7, 0
;__Lib_Math.c,1605 :: 		
0x0150	0x02FB      	SUBWF      R11, 1
;__Lib_Math.c,1606 :: 		
0x0151	0x0100      	CLRW
;__Lib_Math.c,1607 :: 		
0x0152	0x1C03      	BTFSS      STATUS, 0
;__Lib_Math.c,1608 :: 		
0x0153	0x3001      	MOVLW      1
;__Lib_Math.c,1609 :: 		
0x0154	0x02A0      	SUBWF      ___math_tempb, 1
;__Lib_Math.c,1610 :: 		
0x0155	0x2967      	GOTO       UOK22LC
;__Lib_Math.c,1612 :: 		
UADD22LC:
;__Lib_Math.c,1613 :: 		
0x0156	0x07F8      	ADDWF      R8, 1
;__Lib_Math.c,1614 :: 		
0x0157	0x0875      	MOVF       R5, 0
;__Lib_Math.c,1615 :: 		
0x0158	0x1803      	BTFSC      STATUS, 0
;__Lib_Math.c,1616 :: 		
0x0159	0x0F75      	INCFSZ     R5, 0
;__Lib_Math.c,1617 :: 		
0x015A	0x07F9      	ADDWF      R9, 1
;__Lib_Math.c,1618 :: 		
0x015B	0x0876      	MOVF       R6, 0
;__Lib_Math.c,1619 :: 		
0x015C	0x1803      	BTFSC      STATUS, 0
;__Lib_Math.c,1620 :: 		
0x015D	0x0F76      	INCFSZ     R6, 0
;__Lib_Math.c,1621 :: 		
0x015E	0x07FA      	ADDWF      R10, 1
;__Lib_Math.c,1622 :: 		
0x015F	0x0877      	MOVF       R7, 0
;__Lib_Math.c,1623 :: 		
0x0160	0x1803      	BTFSC      STATUS, 0
;__Lib_Math.c,1624 :: 		
0x0161	0x0F77      	INCFSZ     R7, 0
;__Lib_Math.c,1625 :: 		
0x0162	0x07FB      	ADDWF      R11, 1
;__Lib_Math.c,1626 :: 		
0x0163	0x0100      	CLRW
;__Lib_Math.c,1627 :: 		
0x0164	0x1803      	BTFSC      STATUS, 0
;__Lib_Math.c,1628 :: 		
0x0165	0x3001      	MOVLW      1
;__Lib_Math.c,1629 :: 		
0x0166	0x07A0      	ADDWF      ___math_tempb, 1
;__Lib_Math.c,1631 :: 		
UOK22LC:
;__Lib_Math.c,1632 :: 		
0x0167	0x0DF1      	RLF        R1, 1
;__Lib_Math.c,1634 :: 		
0x0168	0x0BFC      	DECFSZ     R12, 1
;__Lib_Math.c,1635 :: 		
0x0169	0x293B      	GOTO       LOOPU3232C
;__Lib_Math.c,1637 :: 		
0x016A	0x0D70      	RLF        R0, 0
;__Lib_Math.c,1638 :: 		
0x016B	0x0DF8      	RLF        R8, 1
;__Lib_Math.c,1639 :: 		
0x016C	0x0DF9      	RLF        R9, 1
;__Lib_Math.c,1640 :: 		
0x016D	0x0DFA      	RLF        R10, 1
;__Lib_Math.c,1641 :: 		
0x016E	0x0DFB      	RLF        R11, 1
;__Lib_Math.c,1642 :: 		
0x016F	0x0DA0      	RLF        ___math_tempb, 1
;__Lib_Math.c,1643 :: 		
0x0170	0x0874      	MOVF       R4, 0
;__Lib_Math.c,1644 :: 		
0x0171	0x1C71      	BTFSS      R1, 0
;__Lib_Math.c,1645 :: 		
0x0172	0x2985      	GOTO       UADD22L24
;__Lib_Math.c,1647 :: 		
0x0173	0x02F8      	SUBWF      R8, 1
;__Lib_Math.c,1648 :: 		
0x0174	0x0875      	MOVF       R5, 0
;__Lib_Math.c,1649 :: 		
0x0175	0x1C03      	BTFSS      STATUS, 0
;__Lib_Math.c,1650 :: 		
0x0176	0x0F75      	INCFSZ     R5, 0
;__Lib_Math.c,1651 :: 		
0x0177	0x02F9      	SUBWF      R9, 1
;__Lib_Math.c,1652 :: 		
0x0178	0x0876      	MOVF       R6, 0
;__Lib_Math.c,1653 :: 		
0x0179	0x1C03      	BTFSS      STATUS, 0
;__Lib_Math.c,1654 :: 		
0x017A	0x0F76      	INCFSZ     R6, 0
;__Lib_Math.c,1655 :: 		
0x017B	0x02FA      	SUBWF      R10, 1
;__Lib_Math.c,1656 :: 		
0x017C	0x0877      	MOVF       R7, 0
;__Lib_Math.c,1657 :: 		
0x017D	0x1C03      	BTFSS      STATUS, 0
;__Lib_Math.c,1658 :: 		
0x017E	0x0F77      	INCFSZ     R7, 0
;__Lib_Math.c,1659 :: 		
0x017F	0x02FB      	SUBWF      R11, 1
;__Lib_Math.c,1660 :: 		
0x0180	0x0100      	CLRW
;__Lib_Math.c,1661 :: 		
0x0181	0x1C03      	BTFSS      STATUS, 0
;__Lib_Math.c,1662 :: 		
0x0182	0x3001      	MOVLW      1
;__Lib_Math.c,1663 :: 		
0x0183	0x02A0      	SUBWF      ___math_tempb, 1
;__Lib_Math.c,1664 :: 		
0x0184	0x2996      	GOTO       UOK22L24
;__Lib_Math.c,1666 :: 		
UADD22L24:
;__Lib_Math.c,1667 :: 		
0x0185	0x07F8      	ADDWF      R8, 1
;__Lib_Math.c,1668 :: 		
0x0186	0x0875      	MOVF       R5, 0
;__Lib_Math.c,1669 :: 		
0x0187	0x1803      	BTFSC      STATUS, 0
;__Lib_Math.c,1670 :: 		
0x0188	0x0F75      	INCFSZ     R5, 0
;__Lib_Math.c,1671 :: 		
0x0189	0x07F9      	ADDWF      R9, 1
;__Lib_Math.c,1672 :: 		
0x018A	0x0876      	MOVF       R6, 0
;__Lib_Math.c,1673 :: 		
0x018B	0x1803      	BTFSC      STATUS, 0
;__Lib_Math.c,1674 :: 		
0x018C	0x0F76      	INCFSZ     R6, 0
;__Lib_Math.c,1675 :: 		
0x018D	0x07FA      	ADDWF      R10, 1
;__Lib_Math.c,1676 :: 		
0x018E	0x0877      	MOVF       R7, 0
;__Lib_Math.c,1677 :: 		
0x018F	0x1803      	BTFSC      STATUS, 0
;__Lib_Math.c,1678 :: 		
0x0190	0x0F77      	INCFSZ     R7, 0
;__Lib_Math.c,1679 :: 		
0x0191	0x07FB      	ADDWF      R11, 1
;__Lib_Math.c,1680 :: 		
0x0192	0x0100      	CLRW
;__Lib_Math.c,1681 :: 		
0x0193	0x1803      	BTFSC      STATUS, 0
;__Lib_Math.c,1682 :: 		
0x0194	0x3001      	MOVLW      1
;__Lib_Math.c,1683 :: 		
0x0195	0x07A0      	ADDWF      ___math_tempb, 1
;__Lib_Math.c,1685 :: 		
UOK22L24:
;__Lib_Math.c,1686 :: 		
0x0196	0x0DF0      	RLF        R0, 1
;__Lib_Math.c,1688 :: 		
0x0197	0x3007      	MOVLW      7
;__Lib_Math.c,1689 :: 		
0x0198	0x00FC      	MOVWF      R12
;__Lib_Math.c,1691 :: 		
LOOPU3232D:
;__Lib_Math.c,1692 :: 		
0x0199	0x0D70      	RLF        R0, 0
;__Lib_Math.c,1693 :: 		
0x019A	0x0DF8      	RLF        R8, 1
;__Lib_Math.c,1694 :: 		
0x019B	0x0DF9      	RLF        R9, 1
;__Lib_Math.c,1695 :: 		
0x019C	0x0DFA      	RLF        R10, 1
;__Lib_Math.c,1696 :: 		
0x019D	0x0DFB      	RLF        R11, 1
;__Lib_Math.c,1697 :: 		
0x019E	0x0DA0      	RLF        ___math_tempb, 1
;__Lib_Math.c,1698 :: 		
0x019F	0x0874      	MOVF       R4, 0
;__Lib_Math.c,1699 :: 		
0x01A0	0x1C70      	BTFSS      R0, 0
;__Lib_Math.c,1700 :: 		
0x01A1	0x29B4      	GOTO       UADD22LD
;__Lib_Math.c,1702 :: 		
0x01A2	0x02F8      	SUBWF      R8, 1
;__Lib_Math.c,1703 :: 		
0x01A3	0x0875      	MOVF       R5, 0
;__Lib_Math.c,1704 :: 		
0x01A4	0x1C03      	BTFSS      STATUS, 0
;__Lib_Math.c,1705 :: 		
0x01A5	0x0F75      	INCFSZ     R5, 0
;__Lib_Math.c,1706 :: 		
0x01A6	0x02F9      	SUBWF      R9, 1
;__Lib_Math.c,1707 :: 		
0x01A7	0x0876      	MOVF       R6, 0
;__Lib_Math.c,1708 :: 		
0x01A8	0x1C03      	BTFSS      STATUS, 0
;__Lib_Math.c,1709 :: 		
0x01A9	0x0F76      	INCFSZ     R6, 0
;__Lib_Math.c,1710 :: 		
0x01AA	0x02FA      	SUBWF      R10, 1
;__Lib_Math.c,1711 :: 		
0x01AB	0x0877      	MOVF       R7, 0
;__Lib_Math.c,1712 :: 		
0x01AC	0x1C03      	BTFSS      STATUS, 0
;__Lib_Math.c,1713 :: 		
0x01AD	0x0F77      	INCFSZ     R7, 0
;__Lib_Math.c,1714 :: 		
0x01AE	0x02FB      	SUBWF      R11, 1
;__Lib_Math.c,1715 :: 		
0x01AF	0x0100      	CLRW
;__Lib_Math.c,1716 :: 		
0x01B0	0x1C03      	BTFSS      STATUS, 0
;__Lib_Math.c,1717 :: 		
0x01B1	0x3001      	MOVLW      1
;__Lib_Math.c,1718 :: 		
0x01B2	0x02A0      	SUBWF      ___math_tempb, 1
;__Lib_Math.c,1719 :: 		
0x01B3	0x29C5      	GOTO       UOK22LD
;__Lib_Math.c,1721 :: 		
UADD22LD:
;__Lib_Math.c,1722 :: 		
0x01B4	0x07F8      	ADDWF      R8, 1
;__Lib_Math.c,1723 :: 		
0x01B5	0x0875      	MOVF       R5, 0
;__Lib_Math.c,1724 :: 		
0x01B6	0x1803      	BTFSC      STATUS, 0
;__Lib_Math.c,1725 :: 		
0x01B7	0x0F75      	INCFSZ     R5, 0
;__Lib_Math.c,1726 :: 		
0x01B8	0x07F9      	ADDWF      R9, 1
;__Lib_Math.c,1727 :: 		
0x01B9	0x0876      	MOVF       R6, 0
;__Lib_Math.c,1728 :: 		
0x01BA	0x1803      	BTFSC      STATUS, 0
;__Lib_Math.c,1729 :: 		
0x01BB	0x0F76      	INCFSZ     R6, 0
;__Lib_Math.c,1730 :: 		
0x01BC	0x07FA      	ADDWF      R10, 1
;__Lib_Math.c,1731 :: 		
0x01BD	0x0877      	MOVF       R7, 0
;__Lib_Math.c,1732 :: 		
0x01BE	0x1803      	BTFSC      STATUS, 0
;__Lib_Math.c,1733 :: 		
0x01BF	0x0F77      	INCFSZ     R7, 0
;__Lib_Math.c,1734 :: 		
0x01C0	0x07FB      	ADDWF      R11, 1
;__Lib_Math.c,1735 :: 		
0x01C1	0x0100      	CLRW
;__Lib_Math.c,1736 :: 		
0x01C2	0x1803      	BTFSC      STATUS, 0
;__Lib_Math.c,1737 :: 		
0x01C3	0x3001      	MOVLW      1
;__Lib_Math.c,1738 :: 		
0x01C4	0x07A0      	ADDWF      ___math_tempb, 1
;__Lib_Math.c,1740 :: 		
UOK22LD:
;__Lib_Math.c,1741 :: 		
0x01C5	0x0DF0      	RLF        R0, 1
;__Lib_Math.c,1743 :: 		
0x01C6	0x0BFC      	DECFSZ     R12, 1
;__Lib_Math.c,1744 :: 		
0x01C7	0x2999      	GOTO       LOOPU3232D
;__Lib_Math.c,1746 :: 		
0x01C8	0x1870      	BTFSC      R0, 0
;__Lib_Math.c,1747 :: 		
0x01C9	0x29D8      	GOTO       UOK22L
;__Lib_Math.c,1748 :: 		
0x01CA	0x0874      	MOVF       R4, 0
;__Lib_Math.c,1749 :: 		
0x01CB	0x07F8      	ADDWF      R8, 1
;__Lib_Math.c,1750 :: 		
0x01CC	0x0875      	MOVF       R5, 0
;__Lib_Math.c,1751 :: 		
0x01CD	0x1803      	BTFSC      STATUS, 0
;__Lib_Math.c,1752 :: 		
0x01CE	0x0F75      	INCFSZ     R5, 0
;__Lib_Math.c,1753 :: 		
0x01CF	0x07F9      	ADDWF      R9, 1
;__Lib_Math.c,1754 :: 		
0x01D0	0x0876      	MOVF       R6, 0
;__Lib_Math.c,1755 :: 		
0x01D1	0x1803      	BTFSC      STATUS, 0
;__Lib_Math.c,1756 :: 		
0x01D2	0x0F76      	INCFSZ     R6, 0
;__Lib_Math.c,1757 :: 		
0x01D3	0x07FA      	ADDWF      R10, 1
;__Lib_Math.c,1758 :: 		
0x01D4	0x0877      	MOVF       R7, 0
;__Lib_Math.c,1759 :: 		
0x01D5	0x1803      	BTFSC      STATUS, 0
;__Lib_Math.c,1760 :: 		
0x01D6	0x0F77      	INCFSZ     R7, 0
;__Lib_Math.c,1761 :: 		
0x01D7	0x07FB      	ADDWF      R11, 1
;__Lib_Math.c,1763 :: 		
UOK22L:
;__Lib_Math.c,1766 :: 		
L_end_Div_32x32_U:
0x01D8	0x0008      	RETURN
; end of _Div_32x32_U
_Div_8X8_U:
;__Lib_Math.c,189 :: 		
;__Lib_Math.c,196 :: 		
0x01D9	0x1283      	BCF        STATUS, 5
;__Lib_Math.c,197 :: 		
0x01DA	0x1303      	BCF        STATUS, 6
;__Lib_Math.c,198 :: 		
0x01DB	0x01F8      	CLRF       R8
;__Lib_Math.c,199 :: 		
0x01DC	0x3008      	MOVLW      8
;__Lib_Math.c,200 :: 		
0x01DD	0x00FC      	MOVWF      R12
;__Lib_Math.c,201 :: 		
0x01DE	0x0D70      	RLF        R0, 0
;__Lib_Math.c,202 :: 		
0x01DF	0x0DF8      	RLF        R8, 1
;__Lib_Math.c,203 :: 		
0x01E0	0x0874      	MOVF       R4, 0
;__Lib_Math.c,204 :: 		
0x01E1	0x02F8      	SUBWF      R8, 1
;__Lib_Math.c,205 :: 		
0x01E2	0x1803      	BTFSC      STATUS, 0
;__Lib_Math.c,206 :: 		
0x01E3	0x29E6      	GOTO       $+3
;__Lib_Math.c,207 :: 		
0x01E4	0x07F8      	ADDWF      R8, 1
;__Lib_Math.c,208 :: 		
0x01E5	0x1003      	BCF        STATUS, 0
;__Lib_Math.c,209 :: 		
0x01E6	0x0DF0      	RLF        R0, 1
;__Lib_Math.c,210 :: 		
0x01E7	0x0BFC      	DECFSZ     R12, 1
;__Lib_Math.c,211 :: 		
0x01E8	0x29DE      	GOTO       $-10
;__Lib_Math.c,213 :: 		
L_end_Div_8X8_U:
0x01E9	0x0008      	RETURN
; end of _Div_8X8_U
_Mul_32x32_U:
;__Lib_Math.c,1775 :: 		
;__Lib_Math.c,1790 :: 		
0x01EA	0x1283      	BCF        STATUS, 5
;__Lib_Math.c,1791 :: 		
0x01EB	0x1303      	BCF        STATUS, 6
;__Lib_Math.c,1792 :: 		
0x01EC	0x3022      	MOVLW      34
;__Lib_Math.c,1793 :: 		
0x01ED	0x00FC      	MOVWF      R12
;__Lib_Math.c,1794 :: 		
0x01EE	0x01F8      	CLRF       R8
;__Lib_Math.c,1795 :: 		
0x01EF	0x01F9      	CLRF       R9
;__Lib_Math.c,1796 :: 		
0x01F0	0x01FA      	CLRF       R10
;__Lib_Math.c,1797 :: 		
0x01F1	0x01FB      	CLRF       R11
;__Lib_Math.c,1799 :: 		
_NEXT:
;__Lib_Math.c,1803 :: 		
0x01F2	0x03FC      	DECF       R12, 1
;__Lib_Math.c,1804 :: 		
0x01F3	0x1903      	BTFSC      STATUS, 2
;__Lib_Math.c,1805 :: 		
0x01F4	0x2A20      	GOTO       _EXIT2
;__Lib_Math.c,1806 :: 		
0x01F5	0x1003      	BCF        STATUS, 0
;__Lib_Math.c,1808 :: 		
_LOOP:
;__Lib_Math.c,1817 :: 		
0x01F6	0x0CFB      	RRF        R11, 1
;__Lib_Math.c,1818 :: 		
0x01F7	0x0CFA      	RRF        R10, 1
;__Lib_Math.c,1819 :: 		
0x01F8	0x0CF9      	RRF        R9, 1
;__Lib_Math.c,1820 :: 		
0x01F9	0x0CF8      	RRF        R8, 1
;__Lib_Math.c,1821 :: 		
0x01FA	0x0CF3      	RRF        R3, 1
;__Lib_Math.c,1822 :: 		
0x01FB	0x0CF2      	RRF        R2, 1
;__Lib_Math.c,1823 :: 		
0x01FC	0x0CF1      	RRF        R1, 1
;__Lib_Math.c,1824 :: 		
0x01FD	0x0CF0      	RRF        R0, 1
;__Lib_Math.c,1829 :: 		
0x01FE	0x1C03      	BTFSS      STATUS, 0
;__Lib_Math.c,1830 :: 		
0x01FF	0x29F2      	GOTO       _NEXT
;__Lib_Math.c,1831 :: 		
0x0200	0x03FC      	DECF       R12, 1
;__Lib_Math.c,1832 :: 		
0x0201	0x1903      	BTFSC      STATUS, 2
;__Lib_Math.c,1833 :: 		
0x0202	0x2A12      	GOTO       _EXIT1
;__Lib_Math.c,1840 :: 		
0x0203	0x0874      	MOVF       R4, 0
;__Lib_Math.c,1841 :: 		
0x0204	0x07F8      	ADDWF      R8, 1
;__Lib_Math.c,1842 :: 		
0x0205	0x0875      	MOVF       R5, 0
;__Lib_Math.c,1843 :: 		
0x0206	0x1803      	BTFSC      STATUS, 0
;__Lib_Math.c,1844 :: 		
0x0207	0x0F75      	INCFSZ     R5, 0
;__Lib_Math.c,1845 :: 		
0x0208	0x07F9      	ADDWF      R9, 1
;__Lib_Math.c,1846 :: 		
0x0209	0x0876      	MOVF       R6, 0
;__Lib_Math.c,1847 :: 		
0x020A	0x1803      	BTFSC      STATUS, 0
;__Lib_Math.c,1848 :: 		
0x020B	0x0F76      	INCFSZ     R6, 0
;__Lib_Math.c,1849 :: 		
0x020C	0x07FA      	ADDWF      R10, 1
;__Lib_Math.c,1850 :: 		
0x020D	0x0877      	MOVF       R7, 0
;__Lib_Math.c,1851 :: 		
0x020E	0x1803      	BTFSC      STATUS, 0
;__Lib_Math.c,1852 :: 		
0x020F	0x0F77      	INCFSZ     R7, 0
;__Lib_Math.c,1853 :: 		
0x0210	0x07FB      	ADDWF      R11, 1
;__Lib_Math.c,1855 :: 		
0x0211	0x29F6      	GOTO       _LOOP
;__Lib_Math.c,1857 :: 		
_EXIT1:
;__Lib_Math.c,1862 :: 		
0x0212	0x0874      	MOVF       R4, 0
;__Lib_Math.c,1863 :: 		
0x0213	0x07F8      	ADDWF      R8, 1
;__Lib_Math.c,1864 :: 		
0x0214	0x0875      	MOVF       R5, 0
;__Lib_Math.c,1865 :: 		
0x0215	0x1803      	BTFSC      STATUS, 0
;__Lib_Math.c,1866 :: 		
0x0216	0x0F75      	INCFSZ     R5, 0
;__Lib_Math.c,1867 :: 		
0x0217	0x07F9      	ADDWF      R9, 1
;__Lib_Math.c,1868 :: 		
0x0218	0x0876      	MOVF       R6, 0
;__Lib_Math.c,1869 :: 		
0x0219	0x1803      	BTFSC      STATUS, 0
;__Lib_Math.c,1870 :: 		
0x021A	0x0F76      	INCFSZ     R6, 0
;__Lib_Math.c,1871 :: 		
0x021B	0x07FA      	ADDWF      R10, 1
;__Lib_Math.c,1872 :: 		
0x021C	0x0877      	MOVF       R7, 0
;__Lib_Math.c,1873 :: 		
0x021D	0x1803      	BTFSC      STATUS, 0
;__Lib_Math.c,1874 :: 		
0x021E	0x0F77      	INCFSZ     R7, 0
;__Lib_Math.c,1875 :: 		
0x021F	0x07FB      	ADDWF      R11, 1
;__Lib_Math.c,1878 :: 		
_EXIT2:
;__Lib_Math.c,1880 :: 		
L_end_Mul_32x32_U:
0x0220	0x0008      	RETURN
; end of _Mul_32x32_U
_Lcd_Chr_CP:
;__Lib_Lcd.c,50 :: 		
;__Lib_Lcd.c,52 :: 		
0x0221	0x1283      	BCF        STATUS, 5
0x0222	0x1303      	BCF        STATUS, 6
0x0223	0x1040      	BCF        __Lib_Lcd_cmd_status, BitPos(__Lib_Lcd_cmd_status+0)
;__Lib_Lcd.c,53 :: 		
0x0224	0x0847      	MOVF       FARG_Lcd_Chr_CP_out_char, 0
0x0225	0x00C8      	MOVWF      FARG_Lcd_Cmd_out_char
0x0226	0x201A      	CALL       _Lcd_Cmd
;__Lib_Lcd.c,54 :: 		
0x0227	0x1440      	BSF        __Lib_Lcd_cmd_status, BitPos(__Lib_Lcd_cmd_status+0)
;__Lib_Lcd.c,55 :: 		
L_end_Lcd_Chr_CP:
0x0228	0x0008      	RETURN
; end of _Lcd_Chr_CP
_Lcd_Out:
;__Lib_Lcd.c,184 :: 		
;__Lib_Lcd.c,187 :: 		
0x0229	0x2A3B      	GOTO       L_Lcd_Out11
;__Lib_Lcd.c,188 :: 		
L_Lcd_Out13:
0x022A	0x3080      	MOVLW      128
0x022B	0x1283      	BCF        STATUS, 5
0x022C	0x1303      	BCF        STATUS, 6
0x022D	0x00C3      	MOVWF      FARG_Lcd_Out_row
0x022E	0x2A4E      	GOTO       L_Lcd_Out12
;__Lib_Lcd.c,189 :: 		
L_Lcd_Out14:
0x022F	0x30C0      	MOVLW      192
0x0230	0x00C3      	MOVWF      FARG_Lcd_Out_row
0x0231	0x2A4E      	GOTO       L_Lcd_Out12
;__Lib_Lcd.c,190 :: 		
L_Lcd_Out15:
0x0232	0x3094      	MOVLW      148
0x0233	0x00C3      	MOVWF      FARG_Lcd_Out_row
0x0234	0x2A4E      	GOTO       L_Lcd_Out12
;__Lib_Lcd.c,191 :: 		
L_Lcd_Out16:
0x0235	0x30D4      	MOVLW      212
0x0236	0x00C3      	MOVWF      FARG_Lcd_Out_row
0x0237	0x2A4E      	GOTO       L_Lcd_Out12
;__Lib_Lcd.c,192 :: 		
L_Lcd_Out17:
0x0238	0x3080      	MOVLW      128
0x0239	0x00C3      	MOVWF      FARG_Lcd_Out_row
;__Lib_Lcd.c,193 :: 		
0x023A	0x2A4E      	GOTO       L_Lcd_Out12
L_Lcd_Out11:
0x023B	0x1283      	BCF        STATUS, 5
0x023C	0x1303      	BCF        STATUS, 6
0x023D	0x0843      	MOVF       FARG_Lcd_Out_row, 0
0x023E	0x3A01      	XORLW      1
0x023F	0x1903      	BTFSC      STATUS, 2
0x0240	0x2A2A      	GOTO       L_Lcd_Out13
0x0241	0x0843      	MOVF       FARG_Lcd_Out_row, 0
0x0242	0x3A02      	XORLW      2
0x0243	0x1903      	BTFSC      STATUS, 2
0x0244	0x2A2F      	GOTO       L_Lcd_Out14
0x0245	0x0843      	MOVF       FARG_Lcd_Out_row, 0
0x0246	0x3A03      	XORLW      3
0x0247	0x1903      	BTFSC      STATUS, 2
0x0248	0x2A32      	GOTO       L_Lcd_Out15
0x0249	0x0843      	MOVF       FARG_Lcd_Out_row, 0
0x024A	0x3A04      	XORLW      4
0x024B	0x1903      	BTFSC      STATUS, 2
0x024C	0x2A35      	GOTO       L_Lcd_Out16
0x024D	0x2A38      	GOTO       L_Lcd_Out17
L_Lcd_Out12:
;__Lib_Lcd.c,194 :: 		
0x024E	0x0344      	DECF       FARG_Lcd_Out_column, 0
0x024F	0x00F0      	MOVWF      R0
0x0250	0x0843      	MOVF       FARG_Lcd_Out_row, 0
0x0251	0x07F0      	ADDWF      R0, 1
0x0252	0x0870      	MOVF       R0, 0
0x0253	0x00C3      	MOVWF      FARG_Lcd_Out_row
;__Lib_Lcd.c,196 :: 		
0x0254	0x0870      	MOVF       R0, 0
0x0255	0x00C8      	MOVWF      FARG_Lcd_Cmd_out_char
0x0256	0x201A      	CALL       _Lcd_Cmd
;__Lib_Lcd.c,197 :: 		
0x0257	0x1040      	BCF        __Lib_Lcd_cmd_status, BitPos(__Lib_Lcd_cmd_status+0)
;__Lib_Lcd.c,198 :: 		
0x0258	0x01C6      	CLRF       Lcd_Out_i_L0
;__Lib_Lcd.c,199 :: 		
L_Lcd_Out18:
0x0259	0x0846      	MOVF       Lcd_Out_i_L0, 0
0x025A	0x0745      	ADDWF      FARG_Lcd_Out_text, 0
0x025B	0x0084      	MOVWF      FSR
0x025C	0x0800      	MOVF       INDF, 0
0x025D	0x1903      	BTFSC      STATUS, 2
0x025E	0x2A67      	GOTO       L_Lcd_Out19
;__Lib_Lcd.c,200 :: 		
0x025F	0x0846      	MOVF       Lcd_Out_i_L0, 0
0x0260	0x0745      	ADDWF      FARG_Lcd_Out_text, 0
0x0261	0x0084      	MOVWF      FSR
0x0262	0x0800      	MOVF       INDF, 0
0x0263	0x00C7      	MOVWF      FARG_Lcd_Chr_CP_out_char
0x0264	0x2221      	CALL       _Lcd_Chr_CP
0x0265	0x0AC6      	INCF       Lcd_Out_i_L0, 1
0x0266	0x2A59      	GOTO       L_Lcd_Out18
L_Lcd_Out19:
;__Lib_Lcd.c,201 :: 		
0x0267	0x1440      	BSF        __Lib_Lcd_cmd_status, BitPos(__Lib_Lcd_cmd_status+0)
;__Lib_Lcd.c,202 :: 		
L_end_Lcd_Out:
0x0268	0x0008      	RETURN
; end of _Lcd_Out
_Lcd_Init:
;__Lib_Lcd.c,84 :: 		
;__Lib_Lcd.c,86 :: 		
0x0269	0x1683      	BSF        STATUS, 5
0x026A	0x1303      	BCF        STATUS, 6
0x026B	0x1288      	BCF        LCD_EN_Direction, BitPos(LCD_EN_Direction+0)
;__Lib_Lcd.c,87 :: 		
0x026C	0x1208      	BCF        LCD_RS_Direction, BitPos(LCD_RS_Direction+0)
;__Lib_Lcd.c,88 :: 		
0x026D	0x1008      	BCF        LCD_D4_Direction, BitPos(LCD_D4_Direction+0)
;__Lib_Lcd.c,89 :: 		
0x026E	0x1088      	BCF        LCD_D5_Direction, BitPos(LCD_D5_Direction+0)
;__Lib_Lcd.c,90 :: 		
0x026F	0x1108      	BCF        LCD_D6_Direction, BitPos(LCD_D6_Direction+0)
;__Lib_Lcd.c,91 :: 		
0x0270	0x1188      	BCF        LCD_D7_Direction, BitPos(LCD_D7_Direction+0)
;__Lib_Lcd.c,93 :: 		
0x0271	0x1283      	BCF        STATUS, 5
0x0272	0x1288      	BCF        LCD_EN, BitPos(LCD_EN+0)
;__Lib_Lcd.c,94 :: 		
0x0273	0x1208      	BCF        LCD_RS, BitPos(LCD_RS+0)
;__Lib_Lcd.c,95 :: 		
0x0274	0x1188      	BCF        LCD_D7, BitPos(LCD_D7+0)
;__Lib_Lcd.c,96 :: 		
0x0275	0x1108      	BCF        LCD_D6, BitPos(LCD_D6+0)
;__Lib_Lcd.c,97 :: 		
0x0276	0x1088      	BCF        LCD_D5, BitPos(LCD_D5+0)
;__Lib_Lcd.c,98 :: 		
0x0277	0x1008      	BCF        LCD_D4, BitPos(LCD_D4+0)
;__Lib_Lcd.c,100 :: 		
0x0278	0x2006      	CALL       _Delay_5500us
;__Lib_Lcd.c,101 :: 		
0x0279	0x2006      	CALL       _Delay_5500us
;__Lib_Lcd.c,102 :: 		
0x027A	0x2006      	CALL       _Delay_5500us
;__Lib_Lcd.c,105 :: 		
0x027B	0x1488      	BSF        LCD_D5, BitPos(LCD_D5+0)
;__Lib_Lcd.c,106 :: 		
0x027C	0x1408      	BSF        LCD_D4, BitPos(LCD_D4+0)
;__Lib_Lcd.c,107 :: 		
0x027D	0x1688      	BSF        LCD_EN, BitPos(LCD_EN+0)
;__Lib_Lcd.c,108 :: 		
0x027E	0x2003      	CALL       _Delay_1us
;__Lib_Lcd.c,109 :: 		
0x027F	0x1288      	BCF        LCD_EN, BitPos(LCD_EN+0)
;__Lib_Lcd.c,110 :: 		
0x0280	0x2006      	CALL       _Delay_5500us
;__Lib_Lcd.c,112 :: 		
0x0281	0x1688      	BSF        LCD_EN, BitPos(LCD_EN+0)
;__Lib_Lcd.c,113 :: 		
0x0282	0x2003      	CALL       _Delay_1us
;__Lib_Lcd.c,114 :: 		
0x0283	0x1288      	BCF        LCD_EN, BitPos(LCD_EN+0)
;__Lib_Lcd.c,115 :: 		
0x0284	0x2006      	CALL       _Delay_5500us
;__Lib_Lcd.c,117 :: 		
0x0285	0x1688      	BSF        LCD_EN, BitPos(LCD_EN+0)
;__Lib_Lcd.c,118 :: 		
0x0286	0x2003      	CALL       _Delay_1us
;__Lib_Lcd.c,119 :: 		
0x0287	0x1288      	BCF        LCD_EN, BitPos(LCD_EN+0)
;__Lib_Lcd.c,120 :: 		
0x0288	0x2006      	CALL       _Delay_5500us
;__Lib_Lcd.c,123 :: 		
0x0289	0x1008      	BCF        LCD_D4, BitPos(LCD_D4+0)
;__Lib_Lcd.c,124 :: 		
0x028A	0x1688      	BSF        LCD_EN, BitPos(LCD_EN+0)
;__Lib_Lcd.c,125 :: 		
0x028B	0x2003      	CALL       _Delay_1us
;__Lib_Lcd.c,126 :: 		
0x028C	0x1288      	BCF        LCD_EN, BitPos(LCD_EN+0)
;__Lib_Lcd.c,127 :: 		
0x028D	0x2006      	CALL       _Delay_5500us
;__Lib_Lcd.c,130 :: 		
0x028E	0x1688      	BSF        LCD_EN, BitPos(LCD_EN+0)
;__Lib_Lcd.c,131 :: 		
0x028F	0x2003      	CALL       _Delay_1us
;__Lib_Lcd.c,132 :: 		
0x0290	0x1288      	BCF        LCD_EN, BitPos(LCD_EN+0)
;__Lib_Lcd.c,134 :: 		
0x0291	0x1088      	BCF        LCD_D5, BitPos(LCD_D5+0)
;__Lib_Lcd.c,135 :: 		
0x0292	0x1588      	BSF        LCD_D7, BitPos(LCD_D7+0)
;__Lib_Lcd.c,136 :: 		
0x0293	0x1688      	BSF        LCD_EN, BitPos(LCD_EN+0)
;__Lib_Lcd.c,137 :: 		
0x0294	0x2003      	CALL       _Delay_1us
;__Lib_Lcd.c,138 :: 		
0x0295	0x1288      	BCF        LCD_EN, BitPos(LCD_EN+0)
;__Lib_Lcd.c,139 :: 		
0x0296	0x2006      	CALL       _Delay_5500us
;__Lib_Lcd.c,142 :: 		
0x0297	0x1188      	BCF        LCD_D7, BitPos(LCD_D7+0)
;__Lib_Lcd.c,143 :: 		
0x0298	0x1408      	BSF        LCD_D4, BitPos(LCD_D4+0)
;__Lib_Lcd.c,144 :: 		
0x0299	0x1688      	BSF        LCD_EN, BitPos(LCD_EN+0)
;__Lib_Lcd.c,145 :: 		
0x029A	0x2003      	CALL       _Delay_1us
;__Lib_Lcd.c,146 :: 		
0x029B	0x1288      	BCF        LCD_EN, BitPos(LCD_EN+0)
;__Lib_Lcd.c,148 :: 		
0x029C	0x1008      	BCF        LCD_D4, BitPos(LCD_D4+0)
;__Lib_Lcd.c,149 :: 		
0x029D	0x1688      	BSF        LCD_EN, BitPos(LCD_EN+0)
;__Lib_Lcd.c,150 :: 		
0x029E	0x2003      	CALL       _Delay_1us
;__Lib_Lcd.c,151 :: 		
0x029F	0x1288      	BCF        LCD_EN, BitPos(LCD_EN+0)
;__Lib_Lcd.c,152 :: 		
0x02A0	0x2006      	CALL       _Delay_5500us
;__Lib_Lcd.c,155 :: 		
0x02A1	0x1688      	BSF        LCD_EN, BitPos(LCD_EN+0)
;__Lib_Lcd.c,156 :: 		
0x02A2	0x2003      	CALL       _Delay_1us
;__Lib_Lcd.c,157 :: 		
0x02A3	0x1288      	BCF        LCD_EN, BitPos(LCD_EN+0)
;__Lib_Lcd.c,159 :: 		
0x02A4	0x1408      	BSF        LCD_D4, BitPos(LCD_D4+0)
;__Lib_Lcd.c,160 :: 		
0x02A5	0x1688      	BSF        LCD_EN, BitPos(LCD_EN+0)
;__Lib_Lcd.c,161 :: 		
0x02A6	0x2003      	CALL       _Delay_1us
;__Lib_Lcd.c,162 :: 		
0x02A7	0x1288      	BCF        LCD_EN, BitPos(LCD_EN+0)
;__Lib_Lcd.c,163 :: 		
0x02A8	0x2006      	CALL       _Delay_5500us
;__Lib_Lcd.c,166 :: 		
0x02A9	0x1008      	BCF        LCD_D4, BitPos(LCD_D4+0)
;__Lib_Lcd.c,167 :: 		
0x02AA	0x1688      	BSF        LCD_EN, BitPos(LCD_EN+0)
;__Lib_Lcd.c,168 :: 		
0x02AB	0x2003      	CALL       _Delay_1us
;__Lib_Lcd.c,169 :: 		
0x02AC	0x1288      	BCF        LCD_EN, BitPos(LCD_EN+0)
;__Lib_Lcd.c,171 :: 		
0x02AD	0x1588      	BSF        LCD_D7, BitPos(LCD_D7+0)
;__Lib_Lcd.c,172 :: 		
0x02AE	0x1508      	BSF        LCD_D6, BitPos(LCD_D6+0)
;__Lib_Lcd.c,173 :: 		
0x02AF	0x1488      	BSF        LCD_D5, BitPos(LCD_D5+0)
;__Lib_Lcd.c,174 :: 		
0x02B0	0x1408      	BSF        LCD_D4, BitPos(LCD_D4+0)
;__Lib_Lcd.c,175 :: 		
0x02B1	0x1688      	BSF        LCD_EN, BitPos(LCD_EN+0)
;__Lib_Lcd.c,176 :: 		
0x02B2	0x2003      	CALL       _Delay_1us
;__Lib_Lcd.c,177 :: 		
0x02B3	0x1288      	BCF        LCD_EN, BitPos(LCD_EN+0)
;__Lib_Lcd.c,179 :: 		
0x02B4	0x2006      	CALL       _Delay_5500us
;__Lib_Lcd.c,181 :: 		
0x02B5	0x1440      	BSF        __Lib_Lcd_cmd_status, BitPos(__Lib_Lcd_cmd_status+0)
;__Lib_Lcd.c,182 :: 		
L_end_Lcd_Init:
0x02B6	0x0008      	RETURN
; end of _Lcd_Init
_ByteToStr:
;__Lib_Conversions.c,66 :: 		
;__Lib_Conversions.c,69 :: 		
0x02B7	0x1283      	BCF        STATUS, 5
0x02B8	0x1303      	BCF        STATUS, 6
0x02B9	0x01C5      	CLRF       ByteToStr_DigitPos_L0
L_ByteToStr0:
0x02BA	0x3003      	MOVLW      3
0x02BB	0x0245      	SUBWF      ByteToStr_DigitPos_L0, 0
0x02BC	0x1803      	BTFSC      STATUS, 0
0x02BD	0x2AC5      	GOTO       L_ByteToStr1
;__Lib_Conversions.c,70 :: 		
0x02BE	0x0845      	MOVF       ByteToStr_DigitPos_L0, 0
0x02BF	0x0744      	ADDWF      FARG_ByteToStr_output, 0
0x02C0	0x0084      	MOVWF      FSR
0x02C1	0x3020      	MOVLW      32
0x02C2	0x0080      	MOVWF      INDF
;__Lib_Conversions.c,69 :: 		
0x02C3	0x0AC5      	INCF       ByteToStr_DigitPos_L0, 1
;__Lib_Conversions.c,70 :: 		
0x02C4	0x2ABA      	GOTO       L_ByteToStr0
L_ByteToStr1:
;__Lib_Conversions.c,72 :: 		
0x02C5	0x0845      	MOVF       ByteToStr_DigitPos_L0, 0
0x02C6	0x0744      	ADDWF      FARG_ByteToStr_output, 0
0x02C7	0x0084      	MOVWF      FSR
0x02C8	0x0180      	CLRF       INDF
0x02C9	0x03C5      	DECF       ByteToStr_DigitPos_L0, 1
;__Lib_Conversions.c,74 :: 		
L_ByteToStr3:
;__Lib_Conversions.c,75 :: 		
0x02CA	0x0845      	MOVF       ByteToStr_DigitPos_L0, 0
0x02CB	0x0744      	ADDWF      FARG_ByteToStr_output, 0
0x02CC	0x00C6      	MOVWF      FLOC__ByteToStr
0x02CD	0x300A      	MOVLW      10
0x02CE	0x00F4      	MOVWF      R4
0x02CF	0x0843      	MOVF       FARG_ByteToStr_input, 0
0x02D0	0x00F0      	MOVWF      R0
0x02D1	0x21D9      	CALL       _Div_8X8_U
0x02D2	0x0878      	MOVF       R8, 0
0x02D3	0x00F0      	MOVWF      R0
0x02D4	0x3030      	MOVLW      48
0x02D5	0x07F0      	ADDWF      R0, 1
0x02D6	0x0846      	MOVF       FLOC__ByteToStr, 0
0x02D7	0x0084      	MOVWF      FSR
0x02D8	0x0870      	MOVF       R0, 0
0x02D9	0x0080      	MOVWF      INDF
;__Lib_Conversions.c,76 :: 		
0x02DA	0x300A      	MOVLW      10
0x02DB	0x00F4      	MOVWF      R4
0x02DC	0x0843      	MOVF       FARG_ByteToStr_input, 0
0x02DD	0x00F0      	MOVWF      R0
0x02DE	0x21D9      	CALL       _Div_8X8_U
0x02DF	0x0870      	MOVF       R0, 0
0x02E0	0x00C3      	MOVWF      FARG_ByteToStr_input
;__Lib_Conversions.c,77 :: 		
0x02E1	0x0870      	MOVF       R0, 0
0x02E2	0x3A00      	XORLW      0
0x02E3	0x1D03      	BTFSS      STATUS, 2
0x02E4	0x2AE6      	GOTO       L_ByteToStr5
;__Lib_Conversions.c,78 :: 		
0x02E5	0x2AE8      	GOTO       L_ByteToStr4
L_ByteToStr5:
;__Lib_Conversions.c,79 :: 		
0x02E6	0x03C5      	DECF       ByteToStr_DigitPos_L0, 1
;__Lib_Conversions.c,80 :: 		
0x02E7	0x2ACA      	GOTO       L_ByteToStr3
L_ByteToStr4:
;__Lib_Conversions.c,81 :: 		
L_end_ByteToStr:
0x02E8	0x0008      	RETURN
; end of _ByteToStr
___CC2DW:
;__Lib_System.c,134 :: 		
;__Lib_System.c,137 :: 		
_CC2D_Loop1:
;__Lib_System.c,139 :: 		
0x02E9	0x205A      	CALL       _____DoICP
0x02EA	0x118A      	BCF        PCLATH, 3
0x02EB	0x120A      	BCF        PCLATH, 4
;__Lib_System.c,141 :: 		
0x02EC	0x0080      	MOVWF      INDF
;__Lib_System.c,142 :: 		
0x02ED	0x0A84      	INCF       FSR, 1
;__Lib_System.c,143 :: 		
0x02EE	0x0ABA      	INCF       ___DoICPAddr, 1
;__Lib_System.c,145 :: 		
0x02EF	0x1903      	BTFSC      STATUS, 2
;__Lib_System.c,146 :: 		
0x02F0	0x0ABB      	INCF       ___DoICPAddr+1, 1
;__Lib_System.c,147 :: 		
0x02F1	0x03F0      	DECF       R0, 1
;__Lib_System.c,149 :: 		
0x02F2	0x1D03      	BTFSS      STATUS, 2
;__Lib_System.c,150 :: 		
0x02F3	0x2AE9      	GOTO       _CC2D_Loop1
;__Lib_System.c,152 :: 		
L_end___CC2DW:
0x02F4	0x0008      	RETURN
; end of ___CC2DW
_measure_distance1:
;FinalProject.c,26 :: 		unsigned int measure_distance1(void) {  //sensor 1 used to open the lid using servo [RB6 = TRIGGER, RB7 = ECHO ]
;FinalProject.c,27 :: 		pulse_width = 0;         //Initializing the pulse_width, pulse_width is the Duration of the echo pulse in microseconds
0x02F5	0x1283      	BCF        STATUS, 5
0x02F6	0x1303      	BCF        STATUS, 6
0x02F7	0x01BC      	CLRF       _pulse_width
0x02F8	0x01BD      	CLRF       _pulse_width+1
0x02F9	0x01BE      	CLRF       _pulse_width+2
0x02FA	0x01BF      	CLRF       _pulse_width+3
;FinalProject.c,28 :: 		T1overflow = 0;
0x02FB	0x01C1      	CLRF       _T1overflow
0x02FC	0x01C2      	CLRF       _T1overflow+1
;FinalProject.c,29 :: 		TMR1L = 0X00;
0x02FD	0x018E      	CLRF       TMR1L
;FinalProject.c,30 :: 		TMR1H = 0X00;
0x02FE	0x018F      	CLRF       TMR1H
;FinalProject.c,31 :: 		PORTB = PORTB | 0x40;    //TRIGGER ON
0x02FF	0x1706      	BSF        PORTB, 6
;FinalProject.c,32 :: 		delay_us(10);
0x0300	0x3006      	MOVLW      6
0x0301	0x00FD      	MOVWF      R13
L_measure_distance10:
0x0302	0x0BFD      	DECFSZ     R13, 1
0x0303	0x2B02      	GOTO       L_measure_distance10
0x0304	0x0000      	NOP
;FinalProject.c,33 :: 		PORTB = PORTB & 0xBF;    //TRIGGER OFF
0x0305	0x30BF      	MOVLW      191
0x0306	0x0586      	ANDWF      PORTB, 1
;FinalProject.c,34 :: 		while(!(PORTB & 0x80));  //WHILE ECHO != 1
L_measure_distance11:
0x0307	0x1B86      	BTFSC      PORTB, 7
0x0308	0x2B0A      	GOTO       L_measure_distance12
0x0309	0x2B07      	GOTO       L_measure_distance11
L_measure_distance12:
;FinalProject.c,35 :: 		T1CON=0x19;              //START THE TIMER
0x030A	0x3019      	MOVLW      25
0x030B	0x0090      	MOVWF      T1CON
;FinalProject.c,36 :: 		while(PORTB & 0x80);     //WHILE ECHO = 1
L_measure_distance13:
0x030C	0x1F86      	BTFSS      PORTB, 7
0x030D	0x2B0F      	GOTO       L_measure_distance14
0x030E	0x2B0C      	GOTO       L_measure_distance13
L_measure_distance14:
;FinalProject.c,37 :: 		T1CON=0x18;              //STOP THE TIMER
0x030F	0x3018      	MOVLW      24
0x0310	0x0090      	MOVWF      T1CON
;FinalProject.c,38 :: 		pulse_width = ((TMR1H<<8)|TMR1L)+(T1overflow*65536); //READ THE TIMER
0x0311	0x080F      	MOVF       TMR1H, 0
0x0312	0x00F1      	MOVWF      R0+1
0x0313	0x01F0      	CLRF       R0
0x0314	0x080E      	MOVF       TMR1L, 0
0x0315	0x0470      	IORWF      R0, 0
0x0316	0x00F8      	MOVWF      R8
0x0317	0x0871      	MOVF       R0+1, 0
0x0318	0x00F9      	MOVWF      R8+1
0x0319	0x3000      	MOVLW      0
0x031A	0x04F9      	IORWF      R8+1, 1
0x031B	0x0842      	MOVF       _T1overflow+1, 0
0x031C	0x00F7      	MOVWF      R4+3
0x031D	0x0841      	MOVF       _T1overflow, 0
0x031E	0x00F6      	MOVWF      R4+2
0x031F	0x01F4      	CLRF       R4
0x0320	0x01F5      	CLRF       R4+1
0x0321	0x0878      	MOVF       R8, 0
0x0322	0x00F0      	MOVWF      R0
0x0323	0x0879      	MOVF       R8+1, 0
0x0324	0x00F1      	MOVWF      R0+1
0x0325	0x01F2      	CLRF       R0+2
0x0326	0x01F3      	CLRF       R0+3
0x0327	0x0874      	MOVF       R4, 0
0x0328	0x07F0      	ADDWF      R0, 1
0x0329	0x0875      	MOVF       R4+1, 0
0x032A	0x1803      	BTFSC      STATUS, 0
0x032B	0x0F75      	INCFSZ     R4+1, 0
0x032C	0x07F1      	ADDWF      R0+1, 1
0x032D	0x0876      	MOVF       R4+2, 0
0x032E	0x1803      	BTFSC      STATUS, 0
0x032F	0x0F76      	INCFSZ     R4+2, 0
0x0330	0x07F2      	ADDWF      R0+2, 1
0x0331	0x0877      	MOVF       R4+3, 0
0x0332	0x1803      	BTFSC      STATUS, 0
0x0333	0x0F77      	INCFSZ     R4+3, 0
0x0334	0x07F3      	ADDWF      R0+3, 1
0x0335	0x0870      	MOVF       R0, 0
0x0336	0x00BC      	MOVWF      _pulse_width
0x0337	0x0871      	MOVF       R0+1, 0
0x0338	0x00BD      	MOVWF      _pulse_width+1
0x0339	0x0872      	MOVF       R0+2, 0
0x033A	0x00BE      	MOVWF      _pulse_width+2
0x033B	0x0873      	MOVF       R0+3, 0
0x033C	0x00BF      	MOVWF      _pulse_width+3
;FinalProject.c,39 :: 		Time = pulse_width;
0x033D	0x0870      	MOVF       R0, 0
0x033E	0x00B4      	MOVWF      _Time
0x033F	0x0871      	MOVF       R0+1, 0
0x0340	0x00B5      	MOVWF      _Time+1
0x0341	0x0872      	MOVF       R0+2, 0
0x0342	0x00B6      	MOVWF      _Time+2
0x0343	0x0873      	MOVF       R0+3, 0
0x0344	0x00B7      	MOVWF      _Time+3
;FinalProject.c,40 :: 		distance1 =  ((Time*34)/(1000))/2;                    //TO GET THE DISTANCE IN CM
0x0345	0x3022      	MOVLW      34
0x0346	0x00F4      	MOVWF      R4
0x0347	0x01F5      	CLRF       R4+1
0x0348	0x01F6      	CLRF       R4+2
0x0349	0x01F7      	CLRF       R4+3
0x034A	0x21EA      	CALL       _Mul_32x32_U
0x034B	0x30E8      	MOVLW      232
0x034C	0x00F4      	MOVWF      R4
0x034D	0x3003      	MOVLW      3
0x034E	0x00F5      	MOVWF      R4+1
0x034F	0x01F6      	CLRF       R4+2
0x0350	0x01F7      	CLRF       R4+3
0x0351	0x2061      	CALL       _Div_32x32_U
0x0352	0x0870      	MOVF       R0, 0
0x0353	0x00F4      	MOVWF      R4
0x0354	0x0871      	MOVF       R0+1, 0
0x0355	0x00F5      	MOVWF      R4+1
0x0356	0x0872      	MOVF       R0+2, 0
0x0357	0x00F6      	MOVWF      R4+2
0x0358	0x0873      	MOVF       R0+3, 0
0x0359	0x00F7      	MOVWF      R4+3
0x035A	0x0CF7      	RRF        R4+3, 1
0x035B	0x0CF6      	RRF        R4+2, 1
0x035C	0x0CF5      	RRF        R4+1, 1
0x035D	0x0CF4      	RRF        R4, 1
0x035E	0x13F7      	BCF        R4+3, 7
0x035F	0x0874      	MOVF       R4, 0
0x0360	0x00B8      	MOVWF      _distance1
0x0361	0x0875      	MOVF       R4+1, 0
0x0362	0x00B9      	MOVWF      _distance1+1
;FinalProject.c,41 :: 		return distance1;
0x0363	0x0874      	MOVF       R4, 0
0x0364	0x00F0      	MOVWF      R0
0x0365	0x0875      	MOVF       R4+1, 0
0x0366	0x00F1      	MOVWF      R0+1
;FinalProject.c,42 :: 		}
L_end_measure_distance1:
0x0367	0x0008      	RETURN
; end of _measure_distance1
_main:
0x0368	0x3045      	MOVLW      69
0x0369	0x1283      	BCF        STATUS, 5
0x036A	0x1303      	BCF        STATUS, 6
0x036B	0x00A1      	MOVWF      ?lstr2_FinalProject
0x036C	0x304D      	MOVLW      77
0x036D	0x00A2      	MOVWF      34
0x036E	0x3050      	MOVLW      80
0x036F	0x00A3      	MOVWF      35
0x0370	0x3054      	MOVLW      84
0x0371	0x00A4      	MOVWF      36
0x0372	0x3059      	MOVLW      89
0x0373	0x00A5      	MOVWF      37
0x0374	0x01A6      	CLRF       38
0x0375	0x3044      	MOVLW      68
0x0376	0x00A7      	MOVWF      ?lstr1_FinalProject
0x0377	0x3069      	MOVLW      105
0x0378	0x00A8      	MOVWF      40
0x0379	0x3073      	MOVLW      115
0x037A	0x00A9      	MOVWF      41
0x037B	0x3074      	MOVLW      116
0x037C	0x00AA      	MOVWF      42
0x037D	0x3061      	MOVLW      97
0x037E	0x00AB      	MOVWF      43
0x037F	0x306E      	MOVLW      110
0x0380	0x00AC      	MOVWF      44
0x0381	0x3063      	MOVLW      99
0x0382	0x00AD      	MOVWF      45
0x0383	0x3065      	MOVLW      101
0x0384	0x00AE      	MOVWF      46
0x0385	0x303D      	MOVLW      61
0x0386	0x00AF      	MOVWF      47
0x0387	0x3020      	MOVLW      32
0x0388	0x00B0      	MOVWF      48
0x0389	0x01B1      	CLRF       49
;FinalProject.c,84 :: 		void main() {     //ECHO is INPUT, TRIGGER is OUTPUT
;FinalProject.c,85 :: 		TRISB = 0x88;     // RB0 = RS for LCD, RB1 = TRIGGER_SENSOR2, RB2 = Servo_PIN, RB3 = ECHO_SENSOR2, RB6 = TRIGGER_SESNOR1, RB7 = ECHO_SENSOR1
0x038A	0x3088      	MOVLW      136
0x038B	0x1683      	BSF        STATUS, 5
0x038C	0x0086      	MOVWF      TRISB
;FinalProject.c,86 :: 		TRISC = 0x00;     // RC2 for BUZZER, RC4-RC7 for D2-D5 of LCD  PORTC output
0x038D	0x0187      	CLRF       TRISC
;FinalProject.c,87 :: 		TRISD = 0x00;     //RD2-RD7 for LCD pins, PORTD Output
0x038E	0x0188      	CLRF       TRISD
;FinalProject.c,88 :: 		PORTB = 0x00;
0x038F	0x1283      	BCF        STATUS, 5
0x0390	0x0186      	CLRF       PORTB
;FinalProject.c,89 :: 		PORTC = 0x00;
0x0391	0x0187      	CLRF       PORTC
;FinalProject.c,90 :: 		PORTD = 0X00;
0x0392	0x0188      	CLRF       PORTD
;FinalProject.c,92 :: 		TMR1H=0;
0x0393	0x018F      	CLRF       TMR1H
;FinalProject.c,93 :: 		TMR1L=0;
0x0394	0x018E      	CLRF       TMR1L
;FinalProject.c,95 :: 		while(1) {
L_main20:
;FinalProject.c,96 :: 		distance1 = measure_distance1();
0x0395	0x22F5      	CALL       _measure_distance1
0x0396	0x0870      	MOVF       R0, 0
0x0397	0x00B8      	MOVWF      _distance1
0x0398	0x0871      	MOVF       R0+1, 0
0x0399	0x00B9      	MOVWF      _distance1+1
;FinalProject.c,97 :: 		delay_ms(1000);
0x039A	0x300B      	MOVLW      11
0x039B	0x00FB      	MOVWF      R11
0x039C	0x3026      	MOVLW      38
0x039D	0x00FC      	MOVWF      R12
0x039E	0x305D      	MOVLW      93
0x039F	0x00FD      	MOVWF      R13
L_main22:
0x03A0	0x0BFD      	DECFSZ     R13, 1
0x03A1	0x2BA0      	GOTO       L_main22
0x03A2	0x0BFC      	DECFSZ     R12, 1
0x03A3	0x2BA0      	GOTO       L_main22
0x03A4	0x0BFB      	DECFSZ     R11, 1
0x03A5	0x2BA0      	GOTO       L_main22
0x03A6	0x0000      	NOP
0x03A7	0x0000      	NOP
;FinalProject.c,99 :: 		Lcd_Init();
0x03A8	0x2269      	CALL       _Lcd_Init
;FinalProject.c,100 :: 		if(distance1 < 30) {
0x03A9	0x3000      	MOVLW      0
0x03AA	0x0239      	SUBWF      _distance1+1, 0
0x03AB	0x1D03      	BTFSS      STATUS, 2
0x03AC	0x2BAF      	GOTO       L__main44
0x03AD	0x301E      	MOVLW      30
0x03AE	0x0238      	SUBWF      _distance1, 0
L__main44:
0x03AF	0x1803      	BTFSC      STATUS, 0
0x03B0	0x2BED      	GOTO       L_main23
;FinalProject.c,101 :: 		Lcd_Cmd(_LCD_CLEAR);
0x03B1	0x3001      	MOVLW      1
0x03B2	0x00C8      	MOVWF      FARG_Lcd_Cmd_out_char
0x03B3	0x201A      	CALL       _Lcd_Cmd
;FinalProject.c,102 :: 		Lcd_Cmd(_LCD_CURSOR_OFF);
0x03B4	0x300C      	MOVLW      12
0x03B5	0x00C8      	MOVWF      FARG_Lcd_Cmd_out_char
0x03B6	0x201A      	CALL       _Lcd_Cmd
;FinalProject.c,103 :: 		Lcd_out(1,1,"Distance= ");
0x03B7	0x3001      	MOVLW      1
0x03B8	0x00C3      	MOVWF      FARG_Lcd_Out_row
0x03B9	0x3001      	MOVLW      1
0x03BA	0x00C4      	MOVWF      FARG_Lcd_Out_column
0x03BB	0x3027      	MOVLW      ?lstr1_FinalProject
0x03BC	0x00C5      	MOVWF      FARG_Lcd_Out_text
0x03BD	0x2229      	CALL       _Lcd_Out
;FinalProject.c,104 :: 		delay_ms(1000);
0x03BE	0x300B      	MOVLW      11
0x03BF	0x00FB      	MOVWF      R11
0x03C0	0x3026      	MOVLW      38
0x03C1	0x00FC      	MOVWF      R12
0x03C2	0x305D      	MOVLW      93
0x03C3	0x00FD      	MOVWF      R13
L_main24:
0x03C4	0x0BFD      	DECFSZ     R13, 1
0x03C5	0x2BC4      	GOTO       L_main24
0x03C6	0x0BFC      	DECFSZ     R12, 1
0x03C7	0x2BC4      	GOTO       L_main24
0x03C8	0x0BFB      	DECFSZ     R11, 1
0x03C9	0x2BC4      	GOTO       L_main24
0x03CA	0x0000      	NOP
0x03CB	0x0000      	NOP
;FinalProject.c,105 :: 		ByteToStr(distance1,dst);
0x03CC	0x0838      	MOVF       _distance1, 0
0x03CD	0x00C3      	MOVWF      FARG_ByteToStr_input
0x03CE	0x3032      	MOVLW      _dst
0x03CF	0x00C4      	MOVWF      FARG_ByteToStr_output
0x03D0	0x22B7      	CALL       _ByteToStr
;FinalProject.c,106 :: 		Lcd_out(1,13,dst);
0x03D1	0x3001      	MOVLW      1
0x03D2	0x00C3      	MOVWF      FARG_Lcd_Out_row
0x03D3	0x300D      	MOVLW      13
0x03D4	0x00C4      	MOVWF      FARG_Lcd_Out_column
0x03D5	0x3032      	MOVLW      _dst
0x03D6	0x00C5      	MOVWF      FARG_Lcd_Out_text
0x03D7	0x2229      	CALL       _Lcd_Out
;FinalProject.c,107 :: 		Lcd_Cmd(_LCD_CURSOR_OFF);
0x03D8	0x300C      	MOVLW      12
0x03D9	0x00C8      	MOVWF      FARG_Lcd_Cmd_out_char
0x03DA	0x201A      	CALL       _Lcd_Cmd
;FinalProject.c,108 :: 		delay_ms(1000);
0x03DB	0x300B      	MOVLW      11
0x03DC	0x00FB      	MOVWF      R11
0x03DD	0x3026      	MOVLW      38
0x03DE	0x00FC      	MOVWF      R12
0x03DF	0x305D      	MOVLW      93
0x03E0	0x00FD      	MOVWF      R13
L_main25:
0x03E1	0x0BFD      	DECFSZ     R13, 1
0x03E2	0x2BE1      	GOTO       L_main25
0x03E3	0x0BFC      	DECFSZ     R12, 1
0x03E4	0x2BE1      	GOTO       L_main25
0x03E5	0x0BFB      	DECFSZ     R11, 1
0x03E6	0x2BE1      	GOTO       L_main25
0x03E7	0x0000      	NOP
0x03E8	0x0000      	NOP
;FinalProject.c,109 :: 		Lcd_Cmd(_LCD_CLEAR);
0x03E9	0x3001      	MOVLW      1
0x03EA	0x00C8      	MOVWF      FARG_Lcd_Cmd_out_char
0x03EB	0x201A      	CALL       _Lcd_Cmd
;FinalProject.c,110 :: 		}
0x03EC	0x2C08      	GOTO       L_main26
L_main23:
;FinalProject.c,112 :: 		Lcd_Cmd(_LCD_CLEAR);
0x03ED	0x3001      	MOVLW      1
0x03EE	0x00C8      	MOVWF      FARG_Lcd_Cmd_out_char
0x03EF	0x201A      	CALL       _Lcd_Cmd
;FinalProject.c,113 :: 		Lcd_out(1,1,"EMPTY");
0x03F0	0x3001      	MOVLW      1
0x03F1	0x00C3      	MOVWF      FARG_Lcd_Out_row
0x03F2	0x3001      	MOVLW      1
0x03F3	0x00C4      	MOVWF      FARG_Lcd_Out_column
0x03F4	0x3021      	MOVLW      ?lstr2_FinalProject
0x03F5	0x00C5      	MOVWF      FARG_Lcd_Out_text
0x03F6	0x2229      	CALL       _Lcd_Out
;FinalProject.c,114 :: 		Lcd_Cmd(_LCD_CURSOR_OFF);
0x03F7	0x300C      	MOVLW      12
0x03F8	0x00C8      	MOVWF      FARG_Lcd_Cmd_out_char
0x03F9	0x201A      	CALL       _Lcd_Cmd
;FinalProject.c,115 :: 		delay_ms(1000);
0x03FA	0x300B      	MOVLW      11
0x03FB	0x00FB      	MOVWF      R11
0x03FC	0x3026      	MOVLW      38
0x03FD	0x00FC      	MOVWF      R12
0x03FE	0x305D      	MOVLW      93
0x03FF	0x00FD      	MOVWF      R13
L_main27:
0x0400	0x0BFD      	DECFSZ     R13, 1
0x0401	0x2C00      	GOTO       L_main27
0x0402	0x0BFC      	DECFSZ     R12, 1
0x0403	0x2C00      	GOTO       L_main27
0x0404	0x0BFB      	DECFSZ     R11, 1
0x0405	0x2C00      	GOTO       L_main27
0x0406	0x0000      	NOP
0x0407	0x0000      	NOP
;FinalProject.c,116 :: 		}
L_main26:
;FinalProject.c,127 :: 		}
0x0408	0x2B95      	GOTO       L_main20
;FinalProject.c,128 :: 		}
L_end_main:
0x0409	0x2C09      	GOTO       $+0
; end of _main
Symbol List:
//** Routines locations **
//ADDRESS    SIZE    PROCEDURE
//----------------------------------------------
0x0003       [3]    _Delay_1us
0x0006      [13]    _Delay_5500us
0x0013       [7]    _Delay_50us
0x001A      [64]    _Lcd_Cmd
0x005A       [7]    _____DoICP
0x0061     [376]    _Div_32x32_U
0x01D9      [17]    _Div_8X8_U
0x01EA      [55]    _Mul_32x32_U
0x0221       [8]    _Lcd_Chr_CP
0x0229      [64]    _Lcd_Out
0x0269      [78]    _Lcd_Init
0x02B7      [50]    _ByteToStr
0x02E9      [12]    ___CC2DW
0x02F5     [115]    _measure_distance1
0x0368     [162]    _main
//** Variables locations ** 
//ADDRESS    SIZE    VARIABLE
//----------------------------------------------
0x0000       [1]    INDF
0x0002       [1]    PCL
0x0003       [1]    STATUS
0x0004       [1]    FSR
0x0006       [1]    PORTB
0x0007       [1]    PORTC
0x0008       [0]    LCD_EN
0x0008       [0]    LCD_RS
0x0008       [0]    RD0_bit
0x0008       [0]    LCD_D6
0x0008       [0]    LCD_D5
0x0008       [0]    LCD_D4
0x0008       [0]    RD1_bit
0x0008       [0]    RD5_bit
0x0008       [0]    RD2_bit
0x0008       [0]    RD3_bit
0x0008       [0]    RD4_bit
0x0008       [1]    PORTD
0x0008       [0]    LCD_D7
0x000A       [1]    PCLATH
0x000E       [1]    TMR1L
0x000F       [1]    TMR1H
0x0010       [1]    T1CON
0x0020       [1]    ___math_tempb
0x0021       [6]    ?lstr2_FinalProject
0x0027      [11]    ?lstr1_FinalProject
0x0032       [2]    _dst
0x0034       [4]    _Time
0x0038       [2]    _distance1
0x003A       [2]    ___DoICPAddr
0x003C       [4]    _pulse_width
0x0040       [0]    __Lib_Lcd_cmd_status
0x0041       [2]    _T1overflow
0x0043       [1]    FARG_ByteToStr_input
0x0043       [1]    FARG_Lcd_Out_row
0x0044       [1]    FARG_ByteToStr_output
0x0044       [1]    FARG_Lcd_Out_column
0x0045       [1]    FARG_Lcd_Out_text
0x0045       [1]    ByteToStr_DigitPos_L0
0x0046       [1]    FLOC__ByteToStr
0x0046       [1]    Lcd_Out_i_L0
0x0047       [1]    FARG_Lcd_Chr_CP_out_char
0x0048       [1]    FARG_Lcd_Cmd_out_char
0x0070       [1]    R0
0x0071       [1]    R1
0x0072       [1]    R2
0x0073       [1]    R3
0x0074       [1]    R4
0x0075       [1]    R5
0x0076       [1]    R6
0x0077       [1]    R7
0x0078       [1]    R8
0x0079       [1]    R9
0x007A       [1]    R10
0x007B       [1]    R11
0x007C       [1]    R12
0x007D       [1]    R13
0x007E       [1]    R14
0x007F       [1]    R15
0x0086       [1]    TRISB
0x0087       [1]    TRISC
0x0088       [0]    LCD_D4_Direction
0x0088       [0]    LCD_EN_Direction
0x0088       [0]    LCD_RS_Direction
0x0088       [1]    TRISD
0x0088       [0]    LCD_D7_Direction
0x0088       [0]    LCD_D6_Direction
0x0088       [0]    LCD_D5_Direction
0x0088       [0]    TRISD0_bit
0x0088       [0]    TRISD5_bit
0x0088       [0]    TRISD4_bit
0x0088       [0]    TRISD1_bit
0x0088       [0]    TRISD2_bit
0x0088       [0]    TRISD3_bit
